<?xml version="1.0" encoding="UTF-8" standalone="yes"?><!DOCTYPE report PUBLIC
  "-//JACOCO//DTD Report 1.1//EN" "report.dtd">
<report name="auth-server">
  <sessioninfo id="M9H5Q4N5WY-3b46bd0d" start="1696955176126" dump="1696955199845"/>
  <package name="com/mapview/ms/auth/request">
    <class name="com/mapview/ms/auth/request/RequestAccountDetails"
      sourcefilename="RequestAccountDetails.java">
      <method name="&lt;init&gt;" desc="()V" line="9">
        <counter type="INSTRUCTION" missed="0" covered="3"/>
        <counter type="LINE" missed="0" covered="2"/>
        <counter type="COMPLEXITY" missed="0" covered="1"/>
        <counter type="METHOD" missed="0" covered="1"/>
      </method>
      <method name="&lt;init&gt;" desc="(Ljava/lang/String;Ljava/lang/String;)V" line="13">
        <counter type="INSTRUCTION" missed="0" covered="9"/>
        <counter type="LINE" missed="0" covered="4"/>
        <counter type="COMPLEXITY" missed="0" covered="1"/>
        <counter type="METHOD" missed="0" covered="1"/>
      </method>
      <method name="getRequestCust" desc="()Ljava/lang/String;" line="19">
        <counter type="INSTRUCTION" missed="0" covered="3"/>
        <counter type="LINE" missed="0" covered="1"/>
        <counter type="COMPLEXITY" missed="0" covered="1"/>
        <counter type="METHOD" missed="0" covered="1"/>
      </method>
      <method name="setRequestCust" desc="(Ljava/lang/String;)V" line="23">
        <counter type="INSTRUCTION" missed="0" covered="4"/>
        <counter type="LINE" missed="0" covered="2"/>
        <counter type="COMPLEXITY" missed="0" covered="1"/>
        <counter type="METHOD" missed="0" covered="1"/>
      </method>
      <method name="getRequestAccount" desc="()Ljava/lang/String;" line="27">
        <counter type="INSTRUCTION" missed="0" covered="3"/>
        <counter type="LINE" missed="0" covered="1"/>
        <counter type="COMPLEXITY" missed="0" covered="1"/>
        <counter type="METHOD" missed="0" covered="1"/>
      </method>
      <method name="setRequestAccount" desc="(Ljava/lang/String;)V" line="31">
        <counter type="INSTRUCTION" missed="0" covered="4"/>
        <counter type="LINE" missed="0" covered="2"/>
        <counter type="COMPLEXITY" missed="0" covered="1"/>
        <counter type="METHOD" missed="0" covered="1"/>
      </method>
      <counter type="INSTRUCTION" missed="0" covered="26"/>
      <counter type="LINE" missed="0" covered="12"/>
      <counter type="COMPLEXITY" missed="0" covered="6"/>
      <counter type="METHOD" missed="0" covered="6"/>
      <counter type="CLASS" missed="0" covered="1"/>
    </class>
    <class name="com/mapview/ms/auth/request/RequestObject" sourcefilename="RequestObject.java">
      <method name="&lt;init&gt;" desc="()V" line="3">
        <counter type="INSTRUCTION" missed="0" covered="3"/>
        <counter type="LINE" missed="0" covered="1"/>
        <counter type="COMPLEXITY" missed="0" covered="1"/>
        <counter type="METHOD" missed="0" covered="1"/>
      </method>
      <method name="getAccountDetails" desc="()Lcom/mapview/ms/auth/request/RequestAccountDetails;"
        line="8">
        <counter type="INSTRUCTION" missed="0" covered="3"/>
        <counter type="LINE" missed="0" covered="1"/>
        <counter type="COMPLEXITY" missed="0" covered="1"/>
        <counter type="METHOD" missed="0" covered="1"/>
      </method>
      <method name="setAccountDetails" desc="(Lcom/mapview/ms/auth/request/RequestAccountDetails;)V"
        line="12">
        <counter type="INSTRUCTION" missed="0" covered="4"/>
        <counter type="LINE" missed="0" covered="2"/>
        <counter type="COMPLEXITY" missed="0" covered="1"/>
        <counter type="METHOD" missed="0" covered="1"/>
      </method>
      <counter type="INSTRUCTION" missed="0" covered="10"/>
      <counter type="LINE" missed="0" covered="4"/>
      <counter type="COMPLEXITY" missed="0" covered="3"/>
      <counter type="METHOD" missed="0" covered="3"/>
      <counter type="CLASS" missed="0" covered="1"/>
    </class>
    <class name="com/mapview/ms/auth/request/ChangePasswordRequest"
      sourcefilename="ChangePasswordRequest.java">
      <method name="&lt;init&gt;" desc="()V" line="3">
        <counter type="INSTRUCTION" missed="0" covered="3"/>
        <counter type="LINE" missed="0" covered="1"/>
        <counter type="COMPLEXITY" missed="0" covered="1"/>
        <counter type="METHOD" missed="0" covered="1"/>
      </method>
      <method name="getPassword" desc="()Ljava/lang/String;" line="8">
        <counter type="INSTRUCTION" missed="0" covered="3"/>
        <counter type="LINE" missed="0" covered="1"/>
        <counter type="COMPLEXITY" missed="0" covered="1"/>
        <counter type="METHOD" missed="0" covered="1"/>
      </method>
      <method name="setPassword" desc="(Ljava/lang/String;)V" line="12">
        <counter type="INSTRUCTION" missed="0" covered="4"/>
        <counter type="LINE" missed="0" covered="2"/>
        <counter type="COMPLEXITY" missed="0" covered="1"/>
        <counter type="METHOD" missed="0" covered="1"/>
      </method>
      <counter type="INSTRUCTION" missed="0" covered="10"/>
      <counter type="LINE" missed="0" covered="4"/>
      <counter type="COMPLEXITY" missed="0" covered="3"/>
      <counter type="METHOD" missed="0" covered="3"/>
      <counter type="CLASS" missed="0" covered="1"/>
    </class>
    <class name="com/mapview/ms/auth/request/UpdateCustomerIpRequest"
      sourcefilename="UpdateCustomerIpRequest.java">
      <method name="&lt;init&gt;" desc="()V" line="5">
        <counter type="INSTRUCTION" missed="0" covered="3"/>
        <counter type="LINE" missed="0" covered="1"/>
        <counter type="COMPLEXITY" missed="0" covered="1"/>
        <counter type="METHOD" missed="0" covered="1"/>
      </method>
      <method name="getSubnets" desc="()Ljava/util/List;" line="12">
        <counter type="INSTRUCTION" missed="0" covered="3"/>
        <counter type="LINE" missed="0" covered="1"/>
        <counter type="COMPLEXITY" missed="0" covered="1"/>
        <counter type="METHOD" missed="0" covered="1"/>
      </method>
      <method name="setSubnets" desc="(Ljava/util/List;)V" line="16">
        <counter type="INSTRUCTION" missed="0" covered="4"/>
        <counter type="LINE" missed="0" covered="2"/>
        <counter type="COMPLEXITY" missed="0" covered="1"/>
        <counter type="METHOD" missed="0" covered="1"/>
      </method>
      <method name="getAccountNumber" desc="()Ljava/lang/String;" line="20">
        <counter type="INSTRUCTION" missed="0" covered="3"/>
        <counter type="LINE" missed="0" covered="1"/>
        <counter type="COMPLEXITY" missed="0" covered="1"/>
        <counter type="METHOD" missed="0" covered="1"/>
      </method>
      <method name="setAccountNumber" desc="(Ljava/lang/String;)V" line="24">
        <counter type="INSTRUCTION" missed="0" covered="4"/>
        <counter type="LINE" missed="0" covered="2"/>
        <counter type="COMPLEXITY" missed="0" covered="1"/>
        <counter type="METHOD" missed="0" covered="1"/>
      </method>
      <counter type="INSTRUCTION" missed="0" covered="17"/>
      <counter type="LINE" missed="0" covered="7"/>
      <counter type="COMPLEXITY" missed="0" covered="5"/>
      <counter type="METHOD" missed="0" covered="5"/>
      <counter type="CLASS" missed="0" covered="1"/>
    </class>
    <class name="com/mapview/ms/auth/request/UpdateUserStatusRequest"
      sourcefilename="UpdateUserStatusRequest.java">
      <method name="toString" desc="()Ljava/lang/String;" line="33">
        <counter type="INSTRUCTION" missed="0" covered="16"/>
        <counter type="LINE" missed="0" covered="1"/>
        <counter type="COMPLEXITY" missed="0" covered="1"/>
        <counter type="METHOD" missed="0" covered="1"/>
      </method>
      <counter type="INSTRUCTION" missed="0" covered="16"/>
      <counter type="LINE" missed="0" covered="1"/>
      <counter type="COMPLEXITY" missed="0" covered="1"/>
      <counter type="METHOD" missed="0" covered="1"/>
      <counter type="CLASS" missed="0" covered="1"/>
    </class>
    <class name="com/mapview/ms/auth/request/RequestAccountDetailsBuilder"
      sourcefilename="RequestAccountDetailsBuilder.java">
      <method name="&lt;init&gt;" desc="()V" line="11">
        <counter type="INSTRUCTION" missed="0" covered="8"/>
        <counter type="LINE" missed="0" covered="3"/>
        <counter type="COMPLEXITY" missed="0" covered="1"/>
        <counter type="METHOD" missed="0" covered="1"/>
      </method>
      <method name="&lt;init&gt;" desc="(Lcom/mapview/ms/auth/response/GetUserResponse;)V"
        line="15">
        <counter type="INSTRUCTION" missed="0" covered="25"/>
        <counter type="BRANCH" missed="0" covered="2"/>
        <counter type="LINE" missed="0" covered="7"/>
        <counter type="COMPLEXITY" missed="0" covered="2"/>
        <counter type="METHOD" missed="0" covered="1"/>
      </method>
      <method name="withCustomerNumber"
        desc="(Ljava/lang/String;)Lcom/mapview/ms/auth/request/RequestAccountDetailsBuilder;"
        line="25">
        <counter type="INSTRUCTION" missed="0" covered="6"/>
        <counter type="LINE" missed="0" covered="2"/>
        <counter type="COMPLEXITY" missed="0" covered="1"/>
        <counter type="METHOD" missed="0" covered="1"/>
      </method>
      <method name="withAccountNumber"
        desc="(Ljava/lang/String;)Lcom/mapview/ms/auth/request/RequestAccountDetailsBuilder;"
        line="30">
        <counter type="INSTRUCTION" missed="0" covered="6"/>
        <counter type="LINE" missed="0" covered="2"/>
        <counter type="COMPLEXITY" missed="0" covered="1"/>
        <counter type="METHOD" missed="0" covered="1"/>
      </method>
      <method name="build" desc="()Lcom/mapview/ms/auth/request/RequestAccountDetails;" line="35">
        <counter type="INSTRUCTION" missed="0" covered="3"/>
        <counter type="LINE" missed="0" covered="1"/>
        <counter type="COMPLEXITY" missed="0" covered="1"/>
        <counter type="METHOD" missed="0" covered="1"/>
      </method>
      <counter type="INSTRUCTION" missed="0" covered="48"/>
      <counter type="BRANCH" missed="0" covered="2"/>
      <counter type="LINE" missed="0" covered="15"/>
      <counter type="COMPLEXITY" missed="0" covered="6"/>
      <counter type="METHOD" missed="0" covered="5"/>
      <counter type="CLASS" missed="0" covered="1"/>
    </class>
    <class name="com/mapview/ms/auth/request/ResetPasswordRequest"
      sourcefilename="ResetPasswordRequest.java">
      <method name="&lt;init&gt;" desc="()V" line="7">
        <counter type="INSTRUCTION" missed="0" covered="3"/>
        <counter type="LINE" missed="0" covered="1"/>
        <counter type="COMPLEXITY" missed="0" covered="1"/>
        <counter type="METHOD" missed="0" covered="1"/>
      </method>
      <method name="getUsername" desc="()Ljava/lang/String;" line="13">
        <counter type="INSTRUCTION" missed="0" covered="3"/>
        <counter type="LINE" missed="0" covered="1"/>
        <counter type="COMPLEXITY" missed="0" covered="1"/>
        <counter type="METHOD" missed="0" covered="1"/>
      </method>
      <method name="setUsername" desc="(Ljava/lang/String;)V" line="17">
        <counter type="INSTRUCTION" missed="0" covered="4"/>
        <counter type="LINE" missed="0" covered="2"/>
        <counter type="COMPLEXITY" missed="0" covered="1"/>
        <counter type="METHOD" missed="0" covered="1"/>
      </method>
      <method name="toString" desc="()Ljava/lang/String;" line="22">
        <counter type="INSTRUCTION" missed="0" covered="4"/>
        <counter type="LINE" missed="0" covered="1"/>
        <counter type="COMPLEXITY" missed="0" covered="1"/>
        <counter type="METHOD" missed="0" covered="1"/>
      </method>
      <counter type="INSTRUCTION" missed="0" covered="14"/>
      <counter type="LINE" missed="0" covered="5"/>
      <counter type="COMPLEXITY" missed="0" covered="4"/>
      <counter type="METHOD" missed="0" covered="4"/>
      <counter type="CLASS" missed="0" covered="1"/>
    </class>
    <class name="com/mapview/ms/auth/request/UpdateUserNVPRequest"
      sourcefilename="UpdateUserNVPRequest.java">
      <method name="&lt;init&gt;" desc="()V" line="5">
        <counter type="INSTRUCTION" missed="0" covered="3"/>
        <counter type="LINE" missed="0" covered="1"/>
        <counter type="COMPLEXITY" missed="0" covered="1"/>
        <counter type="METHOD" missed="0" covered="1"/>
      </method>
      <method name="getNvpBundleId" desc="()Ljava/lang/String;" line="12">
        <counter type="INSTRUCTION" missed="0" covered="3"/>
        <counter type="LINE" missed="0" covered="1"/>
        <counter type="COMPLEXITY" missed="0" covered="1"/>
        <counter type="METHOD" missed="0" covered="1"/>
      </method>
      <method name="setNvpBundleId" desc="(Ljava/lang/String;)V" line="16">
        <counter type="INSTRUCTION" missed="0" covered="4"/>
        <counter type="LINE" missed="0" covered="2"/>
        <counter type="COMPLEXITY" missed="0" covered="1"/>
        <counter type="METHOD" missed="0" covered="1"/>
      </method>
      <method name="getNvpLanguageId" desc="()Ljava/lang/String;" line="20">
        <counter type="INSTRUCTION" missed="0" covered="3"/>
        <counter type="LINE" missed="0" covered="1"/>
        <counter type="COMPLEXITY" missed="0" covered="1"/>
        <counter type="METHOD" missed="0" covered="1"/>
      </method>
      <method name="setNvpLanguageId" desc="(Ljava/lang/String;)V" line="24">
        <counter type="INSTRUCTION" missed="0" covered="4"/>
        <counter type="LINE" missed="0" covered="2"/>
        <counter type="COMPLEXITY" missed="0" covered="1"/>
        <counter type="METHOD" missed="0" covered="1"/>
      </method>
      <counter type="INSTRUCTION" missed="0" covered="17"/>
      <counter type="LINE" missed="0" covered="7"/>
      <counter type="COMPLEXITY" missed="0" covered="5"/>
      <counter type="METHOD" missed="0" covered="5"/>
      <counter type="CLASS" missed="0" covered="1"/>
    </class>
    <class name="com/mapview/ms/auth/request/AdminChangeUserPasswordRequest"
      sourcefilename="AdminChangeUserPasswordRequest.java">
      <method name="&lt;init&gt;" desc="()V" line="10">
        <counter type="INSTRUCTION" missed="0" covered="3"/>
        <counter type="LINE" missed="0" covered="1"/>
        <counter type="COMPLEXITY" missed="0" covered="1"/>
        <counter type="METHOD" missed="0" covered="1"/>
      </method>
      <method name="getPassword" desc="()Ljava/lang/String;" line="18">
        <counter type="INSTRUCTION" missed="0" covered="3"/>
        <counter type="LINE" missed="0" covered="1"/>
        <counter type="COMPLEXITY" missed="0" covered="1"/>
        <counter type="METHOD" missed="0" covered="1"/>
      </method>
      <method name="setPassword"
        desc="(Ljava/lang/String;)Lcom/mapview/ms/auth/request/AdminChangeUserPasswordRequest;"
        line="22">
        <counter type="INSTRUCTION" missed="0" covered="5"/>
        <counter type="LINE" missed="0" covered="2"/>
        <counter type="COMPLEXITY" missed="0" covered="1"/>
        <counter type="METHOD" missed="0" covered="1"/>
      </method>
      <method name="getUsername" desc="()Ljava/lang/String;" line="27">
        <counter type="INSTRUCTION" missed="0" covered="3"/>
        <counter type="LINE" missed="0" covered="1"/>
        <counter type="COMPLEXITY" missed="0" covered="1"/>
        <counter type="METHOD" missed="0" covered="1"/>
      </method>
      <method name="setUsername"
        desc="(Ljava/lang/String;)Lcom/mapview/ms/auth/request/AdminChangeUserPasswordRequest;"
        line="31">
        <counter type="INSTRUCTION" missed="0" covered="5"/>
        <counter type="LINE" missed="0" covered="2"/>
        <counter type="COMPLEXITY" missed="0" covered="1"/>
        <counter type="METHOD" missed="0" covered="1"/>
      </method>
      <counter type="INSTRUCTION" missed="0" covered="19"/>
      <counter type="LINE" missed="0" covered="7"/>
      <counter type="COMPLEXITY" missed="0" covered="5"/>
      <counter type="METHOD" missed="0" covered="5"/>
      <counter type="CLASS" missed="0" covered="1"/>
    </class>
    <class name="com/mapview/ms/auth/request/UpdateUserRequest$UpdateUserRequestBuilder"
      sourcefilename="UpdateUserRequest.java"/>
    <class name="com/mapview/ms/auth/request/UpdateUserStatusRequest$UpdateUserStatusRequestBuilder"
      sourcefilename="UpdateUserStatusRequest.java"/>
    <class name="com/mapview/ms/auth/request/UnlockUserRequest"
      sourcefilename="UnlockUserRequest.java">
      <method name="&lt;init&gt;" desc="()V" line="10">
        <counter type="INSTRUCTION" missed="0" covered="3"/>
        <counter type="LINE" missed="0" covered="1"/>
        <counter type="COMPLEXITY" missed="0" covered="1"/>
        <counter type="METHOD" missed="0" covered="1"/>
      </method>
      <method name="getUsername" desc="()Ljava/lang/String;" line="17">
        <counter type="INSTRUCTION" missed="0" covered="3"/>
        <counter type="LINE" missed="0" covered="1"/>
        <counter type="COMPLEXITY" missed="0" covered="1"/>
        <counter type="METHOD" missed="0" covered="1"/>
      </method>
      <method name="setUsername" desc="(Ljava/lang/String;)V" line="21">
        <counter type="INSTRUCTION" missed="0" covered="4"/>
        <counter type="LINE" missed="0" covered="2"/>
        <counter type="COMPLEXITY" missed="0" covered="1"/>
        <counter type="METHOD" missed="0" covered="1"/>
      </method>
      <counter type="INSTRUCTION" missed="0" covered="10"/>
      <counter type="LINE" missed="0" covered="4"/>
      <counter type="COMPLEXITY" missed="0" covered="3"/>
      <counter type="METHOD" missed="0" covered="3"/>
      <counter type="CLASS" missed="0" covered="1"/>
    </class>
    <class name="com/mapview/ms/auth/request/UpdateUserRequest"
      sourcefilename="UpdateUserRequest.java">
      <method name="getBundleString" desc="()Ljava/lang/String;" line="47">
        <counter type="INSTRUCTION" missed="0" covered="20"/>
        <counter type="BRANCH" missed="0" covered="4"/>
        <counter type="LINE" missed="0" covered="4"/>
        <counter type="COMPLEXITY" missed="0" covered="3"/>
        <counter type="METHOD" missed="0" covered="1"/>
      </method>
      <method name="lambda$getBundleString$0" desc="(I)[Ljava/lang/String;" line="50">
        <counter type="INSTRUCTION" missed="0" covered="3"/>
        <counter type="LINE" missed="0" covered="1"/>
        <counter type="COMPLEXITY" missed="0" covered="1"/>
        <counter type="METHOD" missed="0" covered="1"/>
      </method>
      <counter type="INSTRUCTION" missed="0" covered="23"/>
      <counter type="BRANCH" missed="0" covered="4"/>
      <counter type="LINE" missed="0" covered="4"/>
      <counter type="COMPLEXITY" missed="0" covered="4"/>
      <counter type="METHOD" missed="0" covered="2"/>
      <counter type="CLASS" missed="0" covered="1"/>
    </class>
    <class name="com/mapview/ms/auth/request/RequestSelectRole"
      sourcefilename="RequestSelectRole.java">
      <method name="&lt;init&gt;" desc="()V" line="7">
        <counter type="INSTRUCTION" missed="0" covered="3"/>
        <counter type="LINE" missed="0" covered="1"/>
        <counter type="COMPLEXITY" missed="0" covered="1"/>
        <counter type="METHOD" missed="0" covered="1"/>
      </method>
      <method name="getRole" desc="()Ljava/lang/String;" line="17">
        <counter type="INSTRUCTION" missed="0" covered="3"/>
        <counter type="LINE" missed="0" covered="1"/>
        <counter type="COMPLEXITY" missed="0" covered="1"/>
        <counter type="METHOD" missed="0" covered="1"/>
      </method>
      <method name="setRole" desc="(Ljava/lang/String;)V" line="21">
        <counter type="INSTRUCTION" missed="0" covered="4"/>
        <counter type="LINE" missed="0" covered="2"/>
        <counter type="COMPLEXITY" missed="0" covered="1"/>
        <counter type="METHOD" missed="0" covered="1"/>
      </method>
      <method name="getScope" desc="()Ljava/lang/String;" line="25">
        <counter type="INSTRUCTION" missed="0" covered="3"/>
        <counter type="LINE" missed="0" covered="1"/>
        <counter type="COMPLEXITY" missed="0" covered="1"/>
        <counter type="METHOD" missed="0" covered="1"/>
      </method>
      <method name="setScope" desc="(Ljava/lang/String;)V" line="29">
        <counter type="INSTRUCTION" missed="0" covered="4"/>
        <counter type="LINE" missed="0" covered="2"/>
        <counter type="COMPLEXITY" missed="0" covered="1"/>
        <counter type="METHOD" missed="0" covered="1"/>
      </method>
      <method name="toString" desc="()Ljava/lang/String;" line="34">
        <counter type="INSTRUCTION" missed="0" covered="6"/>
        <counter type="LINE" missed="0" covered="1"/>
        <counter type="COMPLEXITY" missed="0" covered="1"/>
        <counter type="METHOD" missed="0" covered="1"/>
      </method>
      <counter type="INSTRUCTION" missed="0" covered="23"/>
      <counter type="LINE" missed="0" covered="8"/>
      <counter type="COMPLEXITY" missed="0" covered="6"/>
      <counter type="METHOD" missed="0" covered="6"/>
      <counter type="CLASS" missed="0" covered="1"/>
    </class>
    <sourcefile name="ChangePasswordRequest.java">
      <line nr="3" mi="0" ci="3" mb="0" cb="0"/>
      <line nr="8" mi="0" ci="3" mb="0" cb="0"/>
      <line nr="12" mi="0" ci="3" mb="0" cb="0"/>
      <line nr="13" mi="0" ci="1" mb="0" cb="0"/>
      <counter type="INSTRUCTION" missed="0" covered="10"/>
      <counter type="LINE" missed="0" covered="4"/>
      <counter type="COMPLEXITY" missed="0" covered="3"/>
      <counter type="METHOD" missed="0" covered="3"/>
      <counter type="CLASS" missed="0" covered="1"/>
    </sourcefile>
    <sourcefile name="UnlockUserRequest.java">
      <line nr="10" mi="0" ci="3" mb="0" cb="0"/>
      <line nr="17" mi="0" ci="3" mb="0" cb="0"/>
      <line nr="21" mi="0" ci="3" mb="0" cb="0"/>
      <line nr="22" mi="0" ci="1" mb="0" cb="0"/>
      <counter type="INSTRUCTION" missed="0" covered="10"/>
      <counter type="LINE" missed="0" covered="4"/>
      <counter type="COMPLEXITY" missed="0" covered="3"/>
      <counter type="METHOD" missed="0" covered="3"/>
      <counter type="CLASS" missed="0" covered="1"/>
    </sourcefile>
    <sourcefile name="UpdateUserRequest.java">
      <line nr="47" mi="0" ci="7" mb="0" cb="4"/>
      <line nr="48" mi="0" ci="2" mb="0" cb="0"/>
      <line nr="50" mi="0" ci="10" mb="0" cb="0"/>
      <line nr="51" mi="0" ci="4" mb="0" cb="0"/>
      <counter type="INSTRUCTION" missed="0" covered="23"/>
      <counter type="BRANCH" missed="0" covered="4"/>
      <counter type="LINE" missed="0" covered="4"/>
      <counter type="COMPLEXITY" missed="0" covered="4"/>
      <counter type="METHOD" missed="0" covered="2"/>
      <counter type="CLASS" missed="0" covered="1"/>
    </sourcefile>
    <sourcefile name="RequestSelectRole.java">
      <line nr="7" mi="0" ci="3" mb="0" cb="0"/>
      <line nr="17" mi="0" ci="3" mb="0" cb="0"/>
      <line nr="21" mi="0" ci="3" mb="0" cb="0"/>
      <line nr="22" mi="0" ci="1" mb="0" cb="0"/>
      <line nr="25" mi="0" ci="3" mb="0" cb="0"/>
      <line nr="29" mi="0" ci="3" mb="0" cb="0"/>
      <line nr="30" mi="0" ci="1" mb="0" cb="0"/>
      <line nr="34" mi="0" ci="6" mb="0" cb="0"/>
      <counter type="INSTRUCTION" missed="0" covered="23"/>
      <counter type="LINE" missed="0" covered="8"/>
      <counter type="COMPLEXITY" missed="0" covered="6"/>
      <counter type="METHOD" missed="0" covered="6"/>
      <counter type="CLASS" missed="0" covered="1"/>
    </sourcefile>
    <sourcefile name="RequestAccountDetailsBuilder.java">
      <line nr="11" mi="0" ci="2" mb="0" cb="0"/>
      <line nr="12" mi="0" ci="5" mb="0" cb="0"/>
      <line nr="13" mi="0" ci="1" mb="0" cb="0"/>
      <line nr="15" mi="0" ci="2" mb="0" cb="0"/>
      <line nr="17" mi="0" ci="5" mb="0" cb="0"/>
      <line nr="18" mi="0" ci="10" mb="0" cb="2"/>
      <line nr="19" mi="0" ci="1" mb="0" cb="0"/>
      <line nr="20" mi="0" ci="5" mb="0" cb="0"/>
      <line nr="21" mi="0" ci="1" mb="0" cb="0"/>
      <line nr="22" mi="0" ci="1" mb="0" cb="0"/>
      <line nr="25" mi="0" ci="4" mb="0" cb="0"/>
      <line nr="26" mi="0" ci="2" mb="0" cb="0"/>
      <line nr="30" mi="0" ci="4" mb="0" cb="0"/>
      <line nr="31" mi="0" ci="2" mb="0" cb="0"/>
      <line nr="35" mi="0" ci="3" mb="0" cb="0"/>
      <counter type="INSTRUCTION" missed="0" covered="48"/>
      <counter type="BRANCH" missed="0" covered="2"/>
      <counter type="LINE" missed="0" covered="15"/>
      <counter type="COMPLEXITY" missed="0" covered="6"/>
      <counter type="METHOD" missed="0" covered="5"/>
      <counter type="CLASS" missed="0" covered="1"/>
    </sourcefile>
    <sourcefile name="ResetPasswordRequest.java">
      <line nr="7" mi="0" ci="3" mb="0" cb="0"/>
      <line nr="13" mi="0" ci="3" mb="0" cb="0"/>
      <line nr="17" mi="0" ci="3" mb="0" cb="0"/>
      <line nr="18" mi="0" ci="1" mb="0" cb="0"/>
      <line nr="22" mi="0" ci="4" mb="0" cb="0"/>
      <counter type="INSTRUCTION" missed="0" covered="14"/>
      <counter type="LINE" missed="0" covered="5"/>
      <counter type="COMPLEXITY" missed="0" covered="4"/>
      <counter type="METHOD" missed="0" covered="4"/>
      <counter type="CLASS" missed="0" covered="1"/>
    </sourcefile>
    <sourcefile name="AdminChangeUserPasswordRequest.java">
      <line nr="10" mi="0" ci="3" mb="0" cb="0"/>
      <line nr="18" mi="0" ci="3" mb="0" cb="0"/>
      <line nr="22" mi="0" ci="3" mb="0" cb="0"/>
      <line nr="23" mi="0" ci="2" mb="0" cb="0"/>
      <line nr="27" mi="0" ci="3" mb="0" cb="0"/>
      <line nr="31" mi="0" ci="3" mb="0" cb="0"/>
      <line nr="32" mi="0" ci="2" mb="0" cb="0"/>
      <counter type="INSTRUCTION" missed="0" covered="19"/>
      <counter type="LINE" missed="0" covered="7"/>
      <counter type="COMPLEXITY" missed="0" covered="5"/>
      <counter type="METHOD" missed="0" covered="5"/>
      <counter type="CLASS" missed="0" covered="1"/>
    </sourcefile>
    <sourcefile name="RequestObject.java">
      <line nr="3" mi="0" ci="3" mb="0" cb="0"/>
      <line nr="8" mi="0" ci="3" mb="0" cb="0"/>
      <line nr="12" mi="0" ci="3" mb="0" cb="0"/>
      <line nr="13" mi="0" ci="1" mb="0" cb="0"/>
      <counter type="INSTRUCTION" missed="0" covered="10"/>
      <counter type="LINE" missed="0" covered="4"/>
      <counter type="COMPLEXITY" missed="0" covered="3"/>
      <counter type="METHOD" missed="0" covered="3"/>
      <counter type="CLASS" missed="0" covered="1"/>
    </sourcefile>
    <sourcefile name="UpdateCustomerIpRequest.java">
      <line nr="5" mi="0" ci="3" mb="0" cb="0"/>
      <line nr="12" mi="0" ci="3" mb="0" cb="0"/>
      <line nr="16" mi="0" ci="3" mb="0" cb="0"/>
      <line nr="17" mi="0" ci="1" mb="0" cb="0"/>
      <line nr="20" mi="0" ci="3" mb="0" cb="0"/>
      <line nr="24" mi="0" ci="3" mb="0" cb="0"/>
      <line nr="25" mi="0" ci="1" mb="0" cb="0"/>
      <counter type="INSTRUCTION" missed="0" covered="17"/>
      <counter type="LINE" missed="0" covered="7"/>
      <counter type="COMPLEXITY" missed="0" covered="5"/>
      <counter type="METHOD" missed="0" covered="5"/>
      <counter type="CLASS" missed="0" covered="1"/>
    </sourcefile>
    <sourcefile name="UpdateUserStatusRequest.java">
      <line nr="33" mi="0" ci="16" mb="0" cb="0"/>
      <counter type="INSTRUCTION" missed="0" covered="16"/>
      <counter type="LINE" missed="0" covered="1"/>
      <counter type="COMPLEXITY" missed="0" covered="1"/>
      <counter type="METHOD" missed="0" covered="1"/>
      <counter type="CLASS" missed="0" covered="1"/>
    </sourcefile>
    <sourcefile name="UpdateUserNVPRequest.java">
      <line nr="5" mi="0" ci="3" mb="0" cb="0"/>
      <line nr="12" mi="0" ci="3" mb="0" cb="0"/>
      <line nr="16" mi="0" ci="3" mb="0" cb="0"/>
      <line nr="17" mi="0" ci="1" mb="0" cb="0"/>
      <line nr="20" mi="0" ci="3" mb="0" cb="0"/>
      <line nr="24" mi="0" ci="3" mb="0" cb="0"/>
      <line nr="25" mi="0" ci="1" mb="0" cb="0"/>
      <counter type="INSTRUCTION" missed="0" covered="17"/>
      <counter type="LINE" missed="0" covered="7"/>
      <counter type="COMPLEXITY" missed="0" covered="5"/>
      <counter type="METHOD" missed="0" covered="5"/>
      <counter type="CLASS" missed="0" covered="1"/>
    </sourcefile>
    <sourcefile name="RequestAccountDetails.java">
      <line nr="9" mi="0" ci="2" mb="0" cb="0"/>
      <line nr="11" mi="0" ci="1" mb="0" cb="0"/>
      <line nr="13" mi="0" ci="2" mb="0" cb="0"/>
      <line nr="14" mi="0" ci="3" mb="0" cb="0"/>
      <line nr="15" mi="0" ci="3" mb="0" cb="0"/>
      <line nr="16" mi="0" ci="1" mb="0" cb="0"/>
      <line nr="19" mi="0" ci="3" mb="0" cb="0"/>
      <line nr="23" mi="0" ci="3" mb="0" cb="0"/>
      <line nr="24" mi="0" ci="1" mb="0" cb="0"/>
      <line nr="27" mi="0" ci="3" mb="0" cb="0"/>
      <line nr="31" mi="0" ci="3" mb="0" cb="0"/>
      <line nr="32" mi="0" ci="1" mb="0" cb="0"/>
      <counter type="INSTRUCTION" missed="0" covered="26"/>
      <counter type="LINE" missed="0" covered="12"/>
      <counter type="COMPLEXITY" missed="0" covered="6"/>
      <counter type="METHOD" missed="0" covered="6"/>
      <counter type="CLASS" missed="0" covered="1"/>
    </sourcefile>
    <counter type="INSTRUCTION" missed="0" covered="233"/>
    <counter type="BRANCH" missed="0" covered="6"/>
    <counter type="LINE" missed="0" covered="78"/>
    <counter type="COMPLEXITY" missed="0" covered="51"/>
    <counter type="METHOD" missed="0" covered="48"/>
    <counter type="CLASS" missed="0" covered="12"/>
  </package>
  <package name="com/mapview/ms/auth/enhancer">
    <class name="com/mapview/ms/auth/enhancer/AbstractTokenConverter$1"
      sourcefilename="AbstractTokenConverter.java">
      <method name="&lt;init&gt;" desc="(Lcom/mapview/ms/auth/enhancer/AbstractTokenConverter;)V"
        line="170">
        <counter type="INSTRUCTION" missed="0" covered="6"/>
        <counter type="LINE" missed="0" covered="1"/>
        <counter type="COMPLEXITY" missed="0" covered="1"/>
        <counter type="METHOD" missed="0" covered="1"/>
      </method>
      <counter type="INSTRUCTION" missed="0" covered="6"/>
      <counter type="LINE" missed="0" covered="1"/>
      <counter type="COMPLEXITY" missed="0" covered="1"/>
      <counter type="METHOD" missed="0" covered="1"/>
      <counter type="CLASS" missed="0" covered="1"/>
    </class>
    <class name="com/mapview/ms/auth/enhancer/AbstractTokenConverter$2"
      sourcefilename="AbstractTokenConverter.java">
      <method name="&lt;init&gt;" desc="(Lcom/mapview/ms/auth/enhancer/AbstractTokenConverter;)V"
        line="229">
        <counter type="INSTRUCTION" missed="0" covered="6"/>
        <counter type="LINE" missed="0" covered="1"/>
        <counter type="COMPLEXITY" missed="0" covered="1"/>
        <counter type="METHOD" missed="0" covered="1"/>
      </method>
      <counter type="INSTRUCTION" missed="0" covered="6"/>
      <counter type="LINE" missed="0" covered="1"/>
      <counter type="COMPLEXITY" missed="0" covered="1"/>
      <counter type="METHOD" missed="0" covered="1"/>
      <counter type="CLASS" missed="0" covered="1"/>
    </class>
    <class name="com/mapview/ms/auth/enhancer/AbstractTokenConverter"
      sourcefilename="AbstractTokenConverter.java">
      <method name="&lt;init&gt;" desc="()V" line="42">
        <counter type="INSTRUCTION" missed="0" covered="8"/>
        <counter type="LINE" missed="0" covered="2"/>
        <counter type="COMPLEXITY" missed="0" covered="1"/>
        <counter type="METHOD" missed="0" covered="1"/>
      </method>
      <method name="decode" desc="(Ljava/lang/String;)Ljava/util/Map;" line="61">
        <counter type="INSTRUCTION" missed="6" covered="0"/>
        <counter type="LINE" missed="2" covered="0"/>
        <counter type="COMPLEXITY" missed="1" covered="0"/>
        <counter type="METHOD" missed="1" covered="0"/>
      </method>
      <method name="userDetailAuthenticationConverter"
        desc="()Lorg/springframework/security/oauth2/provider/token/AccessTokenConverter;"
        line="66">
        <counter type="INSTRUCTION" missed="0" covered="11"/>
        <counter type="LINE" missed="0" covered="3"/>
        <counter type="COMPLEXITY" missed="0" covered="1"/>
        <counter type="METHOD" missed="0" covered="1"/>
      </method>
      <method name="callDecodeParent" desc="(Ljava/lang/String;)Ljava/util/Map;" line="72">
        <counter type="INSTRUCTION" missed="4" covered="0"/>
        <counter type="LINE" missed="1" covered="0"/>
        <counter type="COMPLEXITY" missed="1" covered="0"/>
        <counter type="METHOD" missed="1" covered="0"/>
      </method>
      <method name="enhance"
        desc="(Lorg/springframework/security/oauth2/common/OAuth2AccessToken;Lorg/springframework/security/oauth2/provider/OAuth2Authentication;)Lorg/springframework/security/oauth2/common/OAuth2AccessToken;"
        line="85">
        <counter type="INSTRUCTION" missed="0" covered="26"/>
        <counter type="BRANCH" missed="0" covered="2"/>
        <counter type="LINE" missed="0" covered="7"/>
        <counter type="COMPLEXITY" missed="0" covered="2"/>
        <counter type="METHOD" missed="0" covered="1"/>
      </method>
      <method name="setKid" desc="(Lorg/springframework/security/oauth2/common/OAuth2AccessToken;)V"
        line="107">
        <counter type="INSTRUCTION" missed="20" covered="4"/>
        <counter type="BRANCH" missed="3" covered="1"/>
        <counter type="LINE" missed="3" covered="2"/>
        <counter type="COMPLEXITY" missed="2" covered="1"/>
        <counter type="METHOD" missed="0" covered="1"/>
      </method>
      <method name="callEnhanceParent"
        desc="(Lorg/springframework/security/oauth2/common/OAuth2AccessToken;Lorg/springframework/security/oauth2/provider/OAuth2Authentication;)Lorg/springframework/security/oauth2/common/OAuth2AccessToken;"
        line="118">
        <counter type="INSTRUCTION" missed="5" covered="0"/>
        <counter type="LINE" missed="1" covered="0"/>
        <counter type="COMPLEXITY" missed="1" covered="0"/>
        <counter type="METHOD" missed="1" covered="0"/>
      </method>
      <method name="adjustAccessToken"
        desc="(Lorg/springframework/security/oauth2/common/OAuth2AccessToken;Lcom/mapview/ms/auth/response/GetUserResponse;)V"
        line="122">
        <counter type="INSTRUCTION" missed="0" covered="33"/>
        <counter type="BRANCH" missed="0" covered="2"/>
        <counter type="LINE" missed="0" covered="6"/>
        <counter type="COMPLEXITY" missed="0" covered="2"/>
        <counter type="METHOD" missed="0" covered="1"/>
      </method>
      <method name="adjustFinalAccessToken"
        desc="(Lorg/springframework/security/oauth2/common/OAuth2AccessToken;Lcom/mapview/ms/auth/response/GetUserResponse;)Lorg/springframework/security/oauth2/common/OAuth2AccessToken;"
        line="131">
        <counter type="INSTRUCTION" missed="0" covered="20"/>
        <counter type="BRANCH" missed="0" covered="2"/>
        <counter type="LINE" missed="0" covered="5"/>
        <counter type="COMPLEXITY" missed="0" covered="2"/>
        <counter type="METHOD" missed="0" covered="1"/>
      </method>
      <method name="addAdditionalInfo"
        desc="(Lcom/mapview/ms/auth/response/GetUserResponse;)Ljava/util/Map;" line="140">
        <counter type="INSTRUCTION" missed="0" covered="92"/>
        <counter type="BRANCH" missed="0" covered="4"/>
        <counter type="LINE" missed="0" covered="16"/>
        <counter type="COMPLEXITY" missed="0" covered="3"/>
        <counter type="METHOD" missed="0" covered="1"/>
      </method>
      <method name="buildAdditionalInfo"
        desc="(Ljava/lang/String;Ljava/lang/String;Ljava/util/List;ZLjava/lang/String;Ljava/lang/String;)Ljava/util/Map;"
        line="162">
        <counter type="INSTRUCTION" missed="0" covered="26"/>
        <counter type="LINE" missed="0" covered="8"/>
        <counter type="COMPLEXITY" missed="0" covered="1"/>
        <counter type="METHOD" missed="0" covered="1"/>
      </method>
      <method name="getAvailableBundles"
        desc="(Lcom/mapview/ms/auth/entity/UserRequestResponse;)Ljava/util/List;" line="174">
        <counter type="INSTRUCTION" missed="0" covered="16"/>
        <counter type="LINE" missed="0" covered="5"/>
        <counter type="COMPLEXITY" missed="0" covered="1"/>
        <counter type="METHOD" missed="0" covered="1"/>
      </method>
      <method name="includeUserData"
        desc="(Lorg/springframework/security/oauth2/provider/OAuth2Authentication;)Z" line="182">
        <counter type="INSTRUCTION" missed="0" covered="48"/>
        <counter type="BRANCH" missed="0" covered="12"/>
        <counter type="LINE" missed="0" covered="6"/>
        <counter type="COMPLEXITY" missed="0" covered="7"/>
        <counter type="METHOD" missed="0" covered="1"/>
      </method>
      <method name="getUserDetail"
        desc="(Lorg/springframework/security/oauth2/provider/OAuth2Authentication;)Lcom/mapview/ms/auth/response/GetUserResponse;"
        line="191">
        <counter type="INSTRUCTION" missed="0" covered="36"/>
        <counter type="BRANCH" missed="0" covered="4"/>
        <counter type="LINE" missed="0" covered="8"/>
        <counter type="COMPLEXITY" missed="0" covered="3"/>
        <counter type="METHOD" missed="0" covered="1"/>
      </method>
      <method name="adjustUserBundles"
        desc="(Lcom/mapview/ms/auth/entity/MapviewUser;Lorg/springframework/security/oauth2/provider/OAuth2Authentication;)V"
        line="204">
        <counter type="INSTRUCTION" missed="32" covered="7"/>
        <counter type="BRANCH" missed="3" covered="1"/>
        <counter type="LINE" missed="5" covered="3"/>
        <counter type="COMPLEXITY" missed="2" covered="1"/>
        <counter type="METHOD" missed="0" covered="1"/>
      </method>
      <method name="getUserExtraInformation"
        desc="(Lcom/mapview/ms/auth/response/GetUserResponse;Z)Ljava/util/Map;" line="215">
        <counter type="INSTRUCTION" missed="0" covered="60"/>
        <counter type="BRANCH" missed="1" covered="5"/>
        <counter type="LINE" missed="0" covered="14"/>
        <counter type="COMPLEXITY" missed="1" covered="3"/>
        <counter type="METHOD" missed="0" covered="1"/>
      </method>
      <method name="isResetPasswordRequired"
        desc="(Lcom/mapview/ms/auth/entity/UserAccountDetails;)Z" line="236">
        <counter type="INSTRUCTION" missed="0" covered="12"/>
        <counter type="BRANCH" missed="1" covered="3"/>
        <counter type="LINE" missed="0" covered="1"/>
        <counter type="COMPLEXITY" missed="1" covered="2"/>
        <counter type="METHOD" missed="0" covered="1"/>
      </method>
      <method name="lambda$getAvailableBundles$0" desc="(Ljava/util/List;)Ljava/util/List;"
        line="178">
        <counter type="INSTRUCTION" missed="0" covered="2"/>
        <counter type="LINE" missed="0" covered="1"/>
        <counter type="COMPLEXITY" missed="0" covered="1"/>
        <counter type="METHOD" missed="0" covered="1"/>
      </method>
      <method name="&lt;clinit&gt;" desc="()V" line="44">
        <counter type="INSTRUCTION" missed="0" covered="4"/>
        <counter type="LINE" missed="0" covered="1"/>
        <counter type="COMPLEXITY" missed="0" covered="1"/>
        <counter type="METHOD" missed="0" covered="1"/>
      </method>
      <counter type="INSTRUCTION" missed="67" covered="405"/>
      <counter type="BRANCH" missed="8" covered="36"/>
      <counter type="LINE" missed="12" covered="87"/>
      <counter type="COMPLEXITY" missed="9" covered="32"/>
      <counter type="METHOD" missed="3" covered="16"/>
      <counter type="CLASS" missed="0" covered="1"/>
    </class>
    <sourcefile name="AbstractTokenConverter.java">
      <line nr="42" mi="0" ci="2" mb="0" cb="0"/>
      <line nr="44" mi="0" ci="4" mb="0" cb="0"/>
      <line nr="50" mi="0" ci="6" mb="0" cb="0"/>
      <line nr="61" mi="2" ci="0" mb="0" cb="0"/>
      <line nr="62" mi="4" ci="0" mb="0" cb="0"/>
      <line nr="66" mi="0" ci="4" mb="0" cb="0"/>
      <line nr="67" mi="0" ci="5" mb="0" cb="0"/>
      <line nr="68" mi="0" ci="2" mb="0" cb="0"/>
      <line nr="72" mi="4" ci="0" mb="0" cb="0"/>
      <line nr="85" mi="0" ci="4" mb="0" cb="0"/>
      <line nr="87" mi="0" ci="3" mb="0" cb="2"/>
      <line nr="88" mi="0" ci="4" mb="0" cb="0"/>
      <line nr="90" mi="0" ci="2" mb="0" cb="0"/>
      <line nr="92" mi="0" ci="3" mb="0" cb="0"/>
      <line nr="94" mi="0" ci="5" mb="0" cb="0"/>
      <line nr="95" mi="0" ci="5" mb="0" cb="0"/>
      <line nr="107" mi="0" ci="3" mb="1" cb="1"/>
      <line nr="108" mi="4" ci="0" mb="2" cb="0"/>
      <line nr="109" mi="8" ci="0" mb="0" cb="0"/>
      <line nr="111" mi="8" ci="0" mb="0" cb="0"/>
      <line nr="114" mi="0" ci="1" mb="0" cb="0"/>
      <line nr="118" mi="5" ci="0" mb="0" cb="0"/>
      <line nr="122" mi="0" ci="4" mb="0" cb="0"/>
      <line nr="123" mi="0" ci="4" mb="0" cb="0"/>
      <line nr="124" mi="0" ci="4" mb="0" cb="2"/>
      <line nr="125" mi="0" ci="15" mb="0" cb="0"/>
      <line nr="126" mi="0" ci="5" mb="0" cb="0"/>
      <line nr="128" mi="0" ci="1" mb="0" cb="0"/>
      <line nr="131" mi="0" ci="5" mb="0" cb="0"/>
      <line nr="132" mi="0" ci="4" mb="0" cb="0"/>
      <line nr="133" mi="0" ci="5" mb="0" cb="2"/>
      <line nr="134" mi="0" ci="4" mb="0" cb="0"/>
      <line nr="136" mi="0" ci="2" mb="0" cb="0"/>
      <line nr="140" mi="0" ci="6" mb="0" cb="0"/>
      <line nr="141" mi="0" ci="6" mb="0" cb="0"/>
      <line nr="142" mi="0" ci="4" mb="0" cb="0"/>
      <line nr="143" mi="0" ci="4" mb="0" cb="2"/>
      <line nr="144" mi="0" ci="6" mb="0" cb="0"/>
      <line nr="145" mi="0" ci="4" mb="0" cb="0"/>
      <line nr="146" mi="0" ci="6" mb="0" cb="0"/>
      <line nr="147" mi="0" ci="7" mb="0" cb="0"/>
      <line nr="149" mi="0" ci="5" mb="0" cb="2"/>
      <line nr="150" mi="0" ci="9" mb="0" cb="0"/>
      <line nr="151" mi="0" ci="8" mb="0" cb="0"/>
      <line nr="152" mi="0" ci="3" mb="0" cb="0"/>
      <line nr="153" mi="0" ci="4" mb="0" cb="0"/>
      <line nr="154" mi="0" ci="12" mb="0" cb="0"/>
      <line nr="155" mi="0" ci="3" mb="0" cb="0"/>
      <line nr="157" mi="0" ci="5" mb="0" cb="0"/>
      <line nr="162" mi="0" ci="2" mb="0" cb="0"/>
      <line nr="163" mi="0" ci="2" mb="0" cb="0"/>
      <line nr="164" mi="0" ci="2" mb="0" cb="0"/>
      <line nr="165" mi="0" ci="2" mb="0" cb="0"/>
      <line nr="166" mi="0" ci="3" mb="0" cb="0"/>
      <line nr="167" mi="0" ci="2" mb="0" cb="0"/>
      <line nr="168" mi="0" ci="3" mb="0" cb="0"/>
      <line nr="170" mi="0" ci="16" mb="0" cb="0"/>
      <line nr="174" mi="0" ci="3" mb="0" cb="0"/>
      <line nr="175" mi="0" ci="5" mb="0" cb="0"/>
      <line nr="176" mi="0" ci="2" mb="0" cb="0"/>
      <line nr="177" mi="0" ci="3" mb="0" cb="0"/>
      <line nr="178" mi="0" ci="5" mb="0" cb="0"/>
      <line nr="182" mi="0" ci="6" mb="0" cb="0"/>
      <line nr="183" mi="0" ci="5" mb="0" cb="0"/>
      <line nr="184" mi="0" ci="6" mb="0" cb="0"/>
      <line nr="185" mi="0" ci="9" mb="0" cb="4"/>
      <line nr="186" mi="0" ci="10" mb="0" cb="4"/>
      <line nr="187" mi="0" ci="12" mb="0" cb="4"/>
      <line nr="191" mi="0" ci="3" mb="0" cb="0"/>
      <line nr="192" mi="0" ci="3" mb="0" cb="2"/>
      <line nr="193" mi="0" ci="4" mb="0" cb="2"/>
      <line nr="194" mi="0" ci="4" mb="0" cb="0"/>
      <line nr="195" mi="0" ci="4" mb="0" cb="0"/>
      <line nr="196" mi="0" ci="7" mb="0" cb="0"/>
      <line nr="198" mi="0" ci="4" mb="0" cb="0"/>
      <line nr="200" mi="0" ci="7" mb="0" cb="0"/>
      <line nr="204" mi="0" ci="4" mb="0" cb="0"/>
      <line nr="205" mi="5" ci="2" mb="3" cb="1"/>
      <line nr="206" mi="8" ci="0" mb="0" cb="0"/>
      <line nr="207" mi="7" ci="0" mb="0" cb="0"/>
      <line nr="208" mi="4" ci="0" mb="0" cb="0"/>
      <line nr="209" mi="4" ci="0" mb="0" cb="0"/>
      <line nr="210" mi="4" ci="0" mb="0" cb="0"/>
      <line nr="212" mi="0" ci="1" mb="0" cb="0"/>
      <line nr="215" mi="0" ci="5" mb="1" cb="3"/>
      <line nr="216" mi="0" ci="6" mb="0" cb="0"/>
      <line nr="217" mi="0" ci="4" mb="0" cb="0"/>
      <line nr="218" mi="0" ci="3" mb="0" cb="0"/>
      <line nr="219" mi="0" ci="4" mb="0" cb="0"/>
      <line nr="220" mi="0" ci="4" mb="0" cb="0"/>
      <line nr="222" mi="0" ci="2" mb="0" cb="2"/>
      <line nr="223" mi="0" ci="6" mb="0" cb="0"/>
      <line nr="224" mi="0" ci="2" mb="0" cb="0"/>
      <line nr="225" mi="0" ci="3" mb="0" cb="0"/>
      <line nr="226" mi="0" ci="3" mb="0" cb="0"/>
      <line nr="227" mi="0" ci="3" mb="0" cb="0"/>
      <line nr="229" mi="0" ci="17" mb="0" cb="0"/>
      <line nr="231" mi="0" ci="4" mb="0" cb="0"/>
      <line nr="236" mi="0" ci="12" mb="1" cb="3"/>
      <counter type="INSTRUCTION" missed="67" covered="417"/>
      <counter type="BRANCH" missed="8" covered="36"/>
      <counter type="LINE" missed="12" covered="87"/>
      <counter type="COMPLEXITY" missed="9" covered="34"/>
      <counter type="METHOD" missed="3" covered="18"/>
      <counter type="CLASS" missed="0" covered="3"/>
    </sourcefile>
    <counter type="INSTRUCTION" missed="67" covered="417"/>
    <counter type="BRANCH" missed="8" covered="36"/>
    <counter type="LINE" missed="12" covered="87"/>
    <counter type="COMPLEXITY" missed="9" covered="34"/>
    <counter type="METHOD" missed="3" covered="18"/>
    <counter type="CLASS" missed="0" covered="3"/>
  </package>
  <package name="com/mapview/ms/auth/service/lnaa/beans/unlock">
    <class name="com/mapview/ms/auth/service/lnaa/beans/unlock/LNAAAdminUnlockUserRequest"
      sourcefilename="LNAAAdminUnlockUserRequest.java">
      <method name="&lt;init&gt;" desc="()V" line="9">
        <counter type="INSTRUCTION" missed="0" covered="3"/>
        <counter type="LINE" missed="0" covered="1"/>
        <counter type="COMPLEXITY" missed="0" covered="1"/>
        <counter type="METHOD" missed="0" covered="1"/>
      </method>
      <method name="init"
        desc="(Lcom/mapview/ms/auth/service/lnaa/LNAASettings;Lcom/mapview/ms/auth/request/UnlockUserRequest;Lcom/mapview/ms/auth/service/lnaa/beans/LNAARequestSession;)Lcom/mapview/ms/auth/service/lnaa/beans/unlock/LNAAAdminUnlockUserRequest;"
        line="17">
        <counter type="INSTRUCTION" missed="0" covered="37"/>
        <counter type="LINE" missed="0" covered="8"/>
        <counter type="COMPLEXITY" missed="0" covered="1"/>
        <counter type="METHOD" missed="0" covered="1"/>
      </method>
      <method name="validateRequest" desc="(Lcom/mapview/ms/auth/request/UnlockUserRequest;)V"
        line="32">
        <counter type="INSTRUCTION" missed="1" covered="0"/>
        <counter type="LINE" missed="1" covered="0"/>
        <counter type="COMPLEXITY" missed="1" covered="0"/>
        <counter type="METHOD" missed="1" covered="0"/>
      </method>
      <method name="getSession" desc="()Lcom/mapview/ms/auth/service/lnaa/beans/LNAARequestSession;"
        line="35">
        <counter type="INSTRUCTION" missed="0" covered="3"/>
        <counter type="LINE" missed="0" covered="1"/>
        <counter type="COMPLEXITY" missed="0" covered="1"/>
        <counter type="METHOD" missed="0" covered="1"/>
      </method>
      <method name="setSession"
        desc="(Lcom/mapview/ms/auth/service/lnaa/beans/LNAARequestSession;)V" line="39">
        <counter type="INSTRUCTION" missed="0" covered="4"/>
        <counter type="LINE" missed="0" covered="2"/>
        <counter type="COMPLEXITY" missed="0" covered="1"/>
        <counter type="METHOD" missed="0" covered="1"/>
      </method>
      <method name="getData"
        desc="()Lcom/mapview/ms/auth/service/lnaa/beans/unlock/LNAAAdminUnlockUserData;" line="43">
        <counter type="INSTRUCTION" missed="0" covered="3"/>
        <counter type="LINE" missed="0" covered="1"/>
        <counter type="COMPLEXITY" missed="0" covered="1"/>
        <counter type="METHOD" missed="0" covered="1"/>
      </method>
      <method name="setData"
        desc="(Lcom/mapview/ms/auth/service/lnaa/beans/unlock/LNAAAdminUnlockUserData;)V" line="47">
        <counter type="INSTRUCTION" missed="0" covered="4"/>
        <counter type="LINE" missed="0" covered="2"/>
        <counter type="COMPLEXITY" missed="0" covered="1"/>
        <counter type="METHOD" missed="0" covered="1"/>
      </method>
      <method name="toString" desc="()Ljava/lang/String;" line="52">
        <counter type="INSTRUCTION" missed="0" covered="48"/>
        <counter type="LINE" missed="0" covered="7"/>
        <counter type="COMPLEXITY" missed="0" covered="1"/>
        <counter type="METHOD" missed="0" covered="1"/>
      </method>
      <method name="toIndentedString" desc="(Ljava/lang/Object;)Ljava/lang/String;" line="66">
        <counter type="INSTRUCTION" missed="0" covered="10"/>
        <counter type="BRANCH" missed="0" covered="2"/>
        <counter type="LINE" missed="0" covered="3"/>
        <counter type="COMPLEXITY" missed="0" covered="2"/>
        <counter type="METHOD" missed="0" covered="1"/>
      </method>
      <counter type="INSTRUCTION" missed="1" covered="112"/>
      <counter type="BRANCH" missed="0" covered="2"/>
      <counter type="LINE" missed="1" covered="25"/>
      <counter type="COMPLEXITY" missed="1" covered="9"/>
      <counter type="METHOD" missed="1" covered="8"/>
      <counter type="CLASS" missed="0" covered="1"/>
    </class>
    <class name="com/mapview/ms/auth/service/lnaa/beans/unlock/LNAAAdminUnlockUserData"
      sourcefilename="LNAAAdminUnlockUserData.java">
      <method name="&lt;init&gt;" desc="()V" line="16">
        <counter type="INSTRUCTION" missed="0" covered="3"/>
        <counter type="LINE" missed="0" covered="2"/>
        <counter type="COMPLEXITY" missed="0" covered="1"/>
        <counter type="METHOD" missed="0" covered="1"/>
      </method>
      <method name="getLoginId" desc="()Ljava/lang/String;" line="20">
        <counter type="INSTRUCTION" missed="0" covered="3"/>
        <counter type="LINE" missed="0" covered="1"/>
        <counter type="COMPLEXITY" missed="0" covered="1"/>
        <counter type="METHOD" missed="0" covered="1"/>
      </method>
      <method name="setLoginId" desc="(Ljava/lang/String;)V" line="24">
        <counter type="INSTRUCTION" missed="0" covered="4"/>
        <counter type="LINE" missed="0" covered="2"/>
        <counter type="COMPLEXITY" missed="0" covered="1"/>
        <counter type="METHOD" missed="0" covered="1"/>
      </method>
      <method name="getTimeout" desc="()I" line="28">
        <counter type="INSTRUCTION" missed="0" covered="3"/>
        <counter type="LINE" missed="0" covered="1"/>
        <counter type="COMPLEXITY" missed="0" covered="1"/>
        <counter type="METHOD" missed="0" covered="1"/>
      </method>
      <method name="setTimeout" desc="(I)V" line="32">
        <counter type="INSTRUCTION" missed="0" covered="4"/>
        <counter type="LINE" missed="0" covered="2"/>
        <counter type="COMPLEXITY" missed="0" covered="1"/>
        <counter type="METHOD" missed="0" covered="1"/>
      </method>
      <method name="getDomain" desc="()Ljava/lang/String;" line="36">
        <counter type="INSTRUCTION" missed="0" covered="3"/>
        <counter type="LINE" missed="0" covered="1"/>
        <counter type="COMPLEXITY" missed="0" covered="1"/>
        <counter type="METHOD" missed="0" covered="1"/>
      </method>
      <method name="setDomain" desc="(Ljava/lang/String;)V" line="40">
        <counter type="INSTRUCTION" missed="0" covered="4"/>
        <counter type="LINE" missed="0" covered="2"/>
        <counter type="COMPLEXITY" missed="0" covered="1"/>
        <counter type="METHOD" missed="0" covered="1"/>
      </method>
      <method name="toString" desc="()Ljava/lang/String;" line="45">
        <counter type="INSTRUCTION" missed="0" covered="49"/>
        <counter type="LINE" missed="0" covered="7"/>
        <counter type="COMPLEXITY" missed="0" covered="1"/>
        <counter type="METHOD" missed="0" covered="1"/>
      </method>
      <method name="toIndentedString" desc="(Ljava/lang/Object;)Ljava/lang/String;" line="55">
        <counter type="INSTRUCTION" missed="0" covered="10"/>
        <counter type="BRANCH" missed="0" covered="2"/>
        <counter type="LINE" missed="0" covered="3"/>
        <counter type="COMPLEXITY" missed="0" covered="2"/>
        <counter type="METHOD" missed="0" covered="1"/>
      </method>
      <counter type="INSTRUCTION" missed="0" covered="83"/>
      <counter type="BRANCH" missed="0" covered="2"/>
      <counter type="LINE" missed="0" covered="21"/>
      <counter type="COMPLEXITY" missed="0" covered="10"/>
      <counter type="METHOD" missed="0" covered="9"/>
      <counter type="CLASS" missed="0" covered="1"/>
    </class>
    <sourcefile name="LNAAAdminUnlockUserRequest.java">
      <line nr="9" mi="0" ci="3" mb="0" cb="0"/>
      <line nr="17" mi="0" ci="4" mb="0" cb="0"/>
      <line nr="18" mi="0" ci="5" mb="0" cb="0"/>
      <line nr="19" mi="0" ci="5" mb="0" cb="0"/>
      <line nr="20" mi="0" ci="6" mb="0" cb="0"/>
      <line nr="21" mi="0" ci="8" mb="0" cb="0"/>
      <line nr="23" mi="0" ci="3" mb="0" cb="0"/>
      <line nr="24" mi="0" ci="4" mb="0" cb="0"/>
      <line nr="26" mi="0" ci="2" mb="0" cb="0"/>
      <line nr="32" mi="1" ci="0" mb="0" cb="0"/>
      <line nr="35" mi="0" ci="3" mb="0" cb="0"/>
      <line nr="39" mi="0" ci="3" mb="0" cb="0"/>
      <line nr="40" mi="0" ci="1" mb="0" cb="0"/>
      <line nr="43" mi="0" ci="3" mb="0" cb="0"/>
      <line nr="47" mi="0" ci="3" mb="0" cb="0"/>
      <line nr="48" mi="0" ci="1" mb="0" cb="0"/>
      <line nr="52" mi="0" ci="4" mb="0" cb="0"/>
      <line nr="53" mi="0" ci="4" mb="0" cb="0"/>
      <line nr="54" mi="0" ci="11" mb="0" cb="0"/>
      <line nr="55" mi="0" ci="11" mb="0" cb="0"/>
      <line nr="56" mi="0" ci="11" mb="0" cb="0"/>
      <line nr="57" mi="0" ci="4" mb="0" cb="0"/>
      <line nr="58" mi="0" ci="3" mb="0" cb="0"/>
      <line nr="66" mi="0" ci="2" mb="0" cb="2"/>
      <line nr="67" mi="0" ci="2" mb="0" cb="0"/>
      <line nr="69" mi="0" ci="6" mb="0" cb="0"/>
      <counter type="INSTRUCTION" missed="1" covered="112"/>
      <counter type="BRANCH" missed="0" covered="2"/>
      <counter type="LINE" missed="1" covered="25"/>
      <counter type="COMPLEXITY" missed="1" covered="9"/>
      <counter type="METHOD" missed="1" covered="8"/>
      <counter type="CLASS" missed="0" covered="1"/>
    </sourcefile>
    <sourcefile name="LNAAAdminUnlockUserData.java">
      <line nr="16" mi="0" ci="2" mb="0" cb="0"/>
      <line nr="17" mi="0" ci="1" mb="0" cb="0"/>
      <line nr="20" mi="0" ci="3" mb="0" cb="0"/>
      <line nr="24" mi="0" ci="3" mb="0" cb="0"/>
      <line nr="25" mi="0" ci="1" mb="0" cb="0"/>
      <line nr="28" mi="0" ci="3" mb="0" cb="0"/>
      <line nr="32" mi="0" ci="3" mb="0" cb="0"/>
      <line nr="33" mi="0" ci="1" mb="0" cb="0"/>
      <line nr="36" mi="0" ci="3" mb="0" cb="0"/>
      <line nr="40" mi="0" ci="3" mb="0" cb="0"/>
      <line nr="41" mi="0" ci="1" mb="0" cb="0"/>
      <line nr="45" mi="0" ci="4" mb="0" cb="0"/>
      <line nr="46" mi="0" ci="4" mb="0" cb="0"/>
      <line nr="47" mi="0" ci="11" mb="0" cb="0"/>
      <line nr="48" mi="0" ci="12" mb="0" cb="0"/>
      <line nr="49" mi="0" ci="11" mb="0" cb="0"/>
      <line nr="50" mi="0" ci="4" mb="0" cb="0"/>
      <line nr="51" mi="0" ci="3" mb="0" cb="0"/>
      <line nr="55" mi="0" ci="2" mb="0" cb="2"/>
      <line nr="56" mi="0" ci="2" mb="0" cb="0"/>
      <line nr="58" mi="0" ci="6" mb="0" cb="0"/>
      <counter type="INSTRUCTION" missed="0" covered="83"/>
      <counter type="BRANCH" missed="0" covered="2"/>
      <counter type="LINE" missed="0" covered="21"/>
      <counter type="COMPLEXITY" missed="0" covered="10"/>
      <counter type="METHOD" missed="0" covered="9"/>
      <counter type="CLASS" missed="0" covered="1"/>
    </sourcefile>
    <counter type="INSTRUCTION" missed="1" covered="195"/>
    <counter type="BRANCH" missed="0" covered="4"/>
    <counter type="LINE" missed="1" covered="46"/>
    <counter type="COMPLEXITY" missed="1" covered="19"/>
    <counter type="METHOD" missed="1" covered="17"/>
    <counter type="CLASS" missed="0" covered="2"/>
  </package>
  <package name="com/mapview/ms/auth/controller">
    <class name="com/mapview/ms/auth/controller/SSOController" sourcefilename="SSOController.java">
      <method name="&lt;init&gt;" desc="()V" line="21">
        <counter type="INSTRUCTION" missed="0" covered="6"/>
        <counter type="LINE" missed="0" covered="2"/>
        <counter type="COMPLEXITY" missed="0" covered="1"/>
        <counter type="METHOD" missed="0" covered="1"/>
      </method>
      <method name="redirectSSO"
        desc="(Ljava/lang/String;Ljavax/servlet/http/HttpServletResponse;)Lorg/springframework/http/ResponseEntity;"
        line="34">
        <counter type="INSTRUCTION" missed="0" covered="33"/>
        <counter type="BRANCH" missed="0" covered="4"/>
        <counter type="LINE" missed="0" covered="8"/>
        <counter type="COMPLEXITY" missed="0" covered="3"/>
        <counter type="METHOD" missed="0" covered="1"/>
      </method>
      <method name="&lt;clinit&gt;" desc="()V" line="19">
        <counter type="INSTRUCTION" missed="0" covered="4"/>
        <counter type="LINE" missed="0" covered="1"/>
        <counter type="COMPLEXITY" missed="0" covered="1"/>
        <counter type="METHOD" missed="0" covered="1"/>
      </method>
      <counter type="INSTRUCTION" missed="0" covered="43"/>
      <counter type="BRANCH" missed="0" covered="4"/>
      <counter type="LINE" missed="0" covered="11"/>
      <counter type="COMPLEXITY" missed="0" covered="5"/>
      <counter type="METHOD" missed="0" covered="3"/>
      <counter type="CLASS" missed="0" covered="1"/>
    </class>
    <class name="com/mapview/ms/auth/controller/AuthServerController"
      sourcefilename="AuthServerController.java">
      <method name="&lt;init&gt;" desc="()V" line="66">
        <counter type="INSTRUCTION" missed="0" covered="7"/>
        <counter type="LINE" missed="0" covered="2"/>
        <counter type="COMPLEXITY" missed="0" covered="1"/>
        <counter type="METHOD" missed="0" covered="1"/>
      </method>
      <method name="create"
        desc="(Lorg/springframework/security/oauth2/provider/OAuth2Authentication;Lcom/mapview/ms/auth/entity/UserRequestResponse;)Lorg/springframework/http/ResponseEntity;"
        line="96">
        <counter type="INSTRUCTION" missed="0" covered="18"/>
        <counter type="LINE" missed="0" covered="4"/>
        <counter type="COMPLEXITY" missed="0" covered="1"/>
        <counter type="METHOD" missed="0" covered="1"/>
      </method>
      <method name="createBatch"
        desc="(Lorg/springframework/security/oauth2/provider/OAuth2Authentication;Lcom/mapview/ms/auth/controller/UserRequest;)Lorg/springframework/http/ResponseEntity;"
        line="111">
        <counter type="INSTRUCTION" missed="23" covered="43"/>
        <counter type="BRANCH" missed="1" covered="3"/>
        <counter type="LINE" missed="3" covered="8"/>
        <counter type="COMPLEXITY" missed="1" covered="2"/>
        <counter type="METHOD" missed="0" covered="1"/>
      </method>
      <method name="fetchUser"
        desc="(Lorg/springframework/security/oauth2/provider/OAuth2Authentication;Lcom/mapview/ms/auth/beans/UserDto;)Lorg/springframework/http/ResponseEntity;"
        line="138">
        <counter type="INSTRUCTION" missed="0" covered="19"/>
        <counter type="LINE" missed="0" covered="4"/>
        <counter type="COMPLEXITY" missed="0" covered="1"/>
        <counter type="METHOD" missed="0" covered="1"/>
      </method>
      <method name="updateUser"
        desc="(Lorg/springframework/security/oauth2/provider/OAuth2Authentication;Lcom/mapview/ms/auth/request/UpdateUserRequest;)Lorg/springframework/http/ResponseEntity;"
        line="157">
        <counter type="INSTRUCTION" missed="0" covered="19"/>
        <counter type="LINE" missed="0" covered="4"/>
        <counter type="COMPLEXITY" missed="0" covered="1"/>
        <counter type="METHOD" missed="0" covered="1"/>
      </method>
      <method name="updateUserStatus"
        desc="(Lorg/springframework/security/oauth2/provider/OAuth2Authentication;Lcom/mapview/ms/auth/request/UpdateUserStatusRequest;)Lorg/springframework/http/ResponseEntity;"
        line="175">
        <counter type="INSTRUCTION" missed="0" covered="19"/>
        <counter type="LINE" missed="0" covered="4"/>
        <counter type="COMPLEXITY" missed="0" covered="1"/>
        <counter type="METHOD" missed="0" covered="1"/>
      </method>
      <method name="changeUserPassword"
        desc="(Lorg/springframework/security/oauth2/provider/OAuth2Authentication;Lcom/mapview/ms/auth/request/AdminChangeUserPasswordRequest;)Lorg/springframework/http/ResponseEntity;"
        line="194">
        <counter type="INSTRUCTION" missed="0" covered="20"/>
        <counter type="LINE" missed="0" covered="4"/>
        <counter type="COMPLEXITY" missed="0" covered="1"/>
        <counter type="METHOD" missed="0" covered="1"/>
      </method>
      <method name="search"
        desc="(Lorg/springframework/security/oauth2/provider/OAuth2Authentication;Lcom/mapview/ms/auth/request/search/UserSearchCriteria;)Lorg/springframework/http/ResponseEntity;"
        line="214">
        <counter type="INSTRUCTION" missed="0" covered="19"/>
        <counter type="LINE" missed="0" covered="4"/>
        <counter type="COMPLEXITY" missed="0" covered="1"/>
        <counter type="METHOD" missed="0" covered="1"/>
      </method>
      <method name="unlockUser"
        desc="(Lorg/springframework/security/oauth2/provider/OAuth2Authentication;Lcom/mapview/ms/auth/request/UnlockUserRequest;)Lorg/springframework/http/ResponseEntity;"
        line="233">
        <counter type="INSTRUCTION" missed="0" covered="19"/>
        <counter type="LINE" missed="0" covered="4"/>
        <counter type="COMPLEXITY" missed="0" covered="1"/>
        <counter type="METHOD" missed="0" covered="1"/>
      </method>
      <method name="resetPassword"
        desc="(Lcom/mapview/ms/auth/request/ResetPasswordRequest;)Lorg/springframework/http/ResponseEntity;"
        line="250">
        <counter type="INSTRUCTION" missed="0" covered="25"/>
        <counter type="LINE" missed="0" covered="5"/>
        <counter type="COMPLEXITY" missed="0" covered="1"/>
        <counter type="METHOD" missed="0" covered="1"/>
      </method>
      <method name="changePassword"
        desc="(Lorg/springframework/security/oauth2/provider/OAuth2Authentication;Lcom/mapview/ms/auth/request/ChangePasswordRequest;)Lorg/springframework/http/ResponseEntity;"
        line="260">
        <counter type="INSTRUCTION" missed="0" covered="29"/>
        <counter type="LINE" missed="0" covered="6"/>
        <counter type="COMPLEXITY" missed="0" covered="1"/>
        <counter type="METHOD" missed="0" covered="1"/>
      </method>
      <method name="updateCustomerIpConfig"
        desc="(Lorg/springframework/security/oauth2/provider/OAuth2Authentication;Lcom/mapview/ms/auth/request/UpdateCustomerIpRequest;)Lorg/springframework/http/ResponseEntity;"
        line="272">
        <counter type="INSTRUCTION" missed="0" covered="22"/>
        <counter type="LINE" missed="0" covered="4"/>
        <counter type="COMPLEXITY" missed="0" covered="1"/>
        <counter type="METHOD" missed="0" covered="1"/>
      </method>
      <method name="getCustomerIpConfig"
        desc="(Lorg/springframework/security/oauth2/provider/OAuth2Authentication;Lcom/mapview/ms/auth/request/RequestCustomerIpConfig;)Lorg/springframework/http/ResponseEntity;"
        line="282">
        <counter type="INSTRUCTION" missed="0" covered="20"/>
        <counter type="LINE" missed="0" covered="4"/>
        <counter type="COMPLEXITY" missed="0" covered="1"/>
        <counter type="METHOD" missed="0" covered="1"/>
      </method>
      <method name="deleteCustomerIpConfig"
        desc="(Lorg/springframework/security/oauth2/provider/OAuth2Authentication;Lcom/mapview/ms/auth/request/RequestCustomerIpConfig;)Lorg/springframework/http/ResponseEntity;"
        line="291">
        <counter type="INSTRUCTION" missed="0" covered="22"/>
        <counter type="LINE" missed="0" covered="4"/>
        <counter type="COMPLEXITY" missed="0" covered="1"/>
        <counter type="METHOD" missed="0" covered="1"/>
      </method>
      <method name="selectRole"
        desc="(Lorg/springframework/security/oauth2/provider/OAuth2Authentication;Lcom/mapview/ms/auth/request/RequestSelectRole;)Lorg/springframework/http/ResponseEntity;"
        line="301">
        <counter type="INSTRUCTION" missed="0" covered="23"/>
        <counter type="LINE" missed="0" covered="5"/>
        <counter type="COMPLEXITY" missed="0" covered="1"/>
        <counter type="METHOD" missed="0" covered="1"/>
      </method>
      <method name="validateGrantType" desc="(Ljava/lang/String;)Z" line="315">
        <counter type="INSTRUCTION" missed="0" covered="14"/>
        <counter type="BRANCH" missed="0" covered="4"/>
        <counter type="LINE" missed="0" covered="2"/>
        <counter type="COMPLEXITY" missed="0" covered="3"/>
        <counter type="METHOD" missed="0" covered="1"/>
      </method>
      <method name="lambda$selectRole$1"
        desc="(Lorg/springframework/http/ResponseEntity$BodyBuilder;Lorg/springframework/security/oauth2/common/OAuth2AccessToken;)V"
        line="307">
        <counter type="INSTRUCTION" missed="0" covered="8"/>
        <counter type="LINE" missed="0" covered="2"/>
        <counter type="COMPLEXITY" missed="0" covered="1"/>
        <counter type="METHOD" missed="0" covered="1"/>
      </method>
      <method name="lambda$selectRole$0"
        desc="(Lorg/springframework/http/ResponseEntity$BodyBuilder;Lorg/springframework/security/oauth2/common/OAuth2RefreshToken;)V"
        line="308">
        <counter type="INSTRUCTION" missed="16" covered="0"/>
        <counter type="LINE" missed="1" covered="0"/>
        <counter type="COMPLEXITY" missed="1" covered="0"/>
        <counter type="METHOD" missed="1" covered="0"/>
      </method>
      <counter type="INSTRUCTION" missed="39" covered="346"/>
      <counter type="BRANCH" missed="1" covered="7"/>
      <counter type="LINE" missed="3" covered="70"/>
      <counter type="COMPLEXITY" missed="2" covered="20"/>
      <counter type="METHOD" missed="1" covered="17"/>
      <counter type="CLASS" missed="0" covered="1"/>
    </class>
    <class name="com/mapview/ms/auth/controller/UserRequest" sourcefilename="UserRequest.java">
      <method name="&lt;init&gt;" desc="()V" line="24">
        <counter type="INSTRUCTION" missed="0" covered="3"/>
        <counter type="LINE" missed="0" covered="2"/>
        <counter type="COMPLEXITY" missed="0" covered="1"/>
        <counter type="METHOD" missed="0" covered="1"/>
      </method>
      <method name="&lt;init&gt;" desc="(Ljava/lang/String;Ljava/util/List;Ljava/util/List;)V"
        line="27">
        <counter type="INSTRUCTION" missed="0" covered="12"/>
        <counter type="LINE" missed="0" covered="5"/>
        <counter type="COMPLEXITY" missed="0" covered="1"/>
        <counter type="METHOD" missed="0" covered="1"/>
      </method>
      <method name="getGrantType" desc="()Ljava/lang/String;" line="34">
        <counter type="INSTRUCTION" missed="0" covered="3"/>
        <counter type="LINE" missed="0" covered="1"/>
        <counter type="COMPLEXITY" missed="0" covered="1"/>
        <counter type="METHOD" missed="0" covered="1"/>
      </method>
      <method name="setGrantType" desc="(Ljava/lang/String;)V" line="38">
        <counter type="INSTRUCTION" missed="0" covered="4"/>
        <counter type="LINE" missed="0" covered="2"/>
        <counter type="COMPLEXITY" missed="0" covered="1"/>
        <counter type="METHOD" missed="0" covered="1"/>
      </method>
      <method name="getUsers" desc="()Ljava/util/List;" line="42">
        <counter type="INSTRUCTION" missed="0" covered="3"/>
        <counter type="LINE" missed="0" covered="1"/>
        <counter type="COMPLEXITY" missed="0" covered="1"/>
        <counter type="METHOD" missed="0" covered="1"/>
      </method>
      <method name="setUsers" desc="(Ljava/util/List;)V" line="46">
        <counter type="INSTRUCTION" missed="0" covered="4"/>
        <counter type="LINE" missed="0" covered="2"/>
        <counter type="COMPLEXITY" missed="0" covered="1"/>
        <counter type="METHOD" missed="0" covered="1"/>
      </method>
      <method name="getOauthClientDetails" desc="()Ljava/util/List;" line="50">
        <counter type="INSTRUCTION" missed="0" covered="3"/>
        <counter type="LINE" missed="0" covered="1"/>
        <counter type="COMPLEXITY" missed="0" covered="1"/>
        <counter type="METHOD" missed="0" covered="1"/>
      </method>
      <method name="setOauthClientDetails" desc="(Ljava/util/List;)V" line="54">
        <counter type="INSTRUCTION" missed="0" covered="4"/>
        <counter type="LINE" missed="0" covered="2"/>
        <counter type="COMPLEXITY" missed="0" covered="1"/>
        <counter type="METHOD" missed="0" covered="1"/>
      </method>
      <method name="toString" desc="()Ljava/lang/String;" line="59">
        <counter type="INSTRUCTION" missed="8" covered="0"/>
        <counter type="LINE" missed="1" covered="0"/>
        <counter type="COMPLEXITY" missed="1" covered="0"/>
        <counter type="METHOD" missed="1" covered="0"/>
      </method>
      <counter type="INSTRUCTION" missed="8" covered="36"/>
      <counter type="LINE" missed="1" covered="16"/>
      <counter type="COMPLEXITY" missed="1" covered="8"/>
      <counter type="METHOD" missed="1" covered="8"/>
      <counter type="CLASS" missed="0" covered="1"/>
    </class>
    <sourcefile name="SSOController.java">
      <line nr="19" mi="0" ci="4" mb="0" cb="0"/>
      <line nr="21" mi="0" ci="2" mb="0" cb="0"/>
      <line nr="28" mi="0" ci="4" mb="0" cb="0"/>
      <line nr="34" mi="0" ci="6" mb="0" cb="0"/>
      <line nr="35" mi="0" ci="6" mb="0" cb="4"/>
      <line nr="36" mi="0" ci="6" mb="0" cb="0"/>
      <line nr="37" mi="0" ci="3" mb="0" cb="0"/>
      <line nr="40" mi="0" ci="4" mb="0" cb="0"/>
      <line nr="41" mi="0" ci="4" mb="0" cb="0"/>
      <line nr="42" mi="0" ci="1" mb="0" cb="0"/>
      <line nr="43" mi="0" ci="3" mb="0" cb="0"/>
      <counter type="INSTRUCTION" missed="0" covered="43"/>
      <counter type="BRANCH" missed="0" covered="4"/>
      <counter type="LINE" missed="0" covered="11"/>
      <counter type="COMPLEXITY" missed="0" covered="5"/>
      <counter type="METHOD" missed="0" covered="3"/>
      <counter type="CLASS" missed="0" covered="1"/>
    </sourcefile>
    <sourcefile name="AuthServerController.java">
      <line nr="66" mi="0" ci="2" mb="0" cb="0"/>
      <line nr="67" mi="0" ci="5" mb="0" cb="0"/>
      <line nr="96" mi="0" ci="4" mb="0" cb="0"/>
      <line nr="97" mi="0" ci="5" mb="0" cb="0"/>
      <line nr="98" mi="0" ci="5" mb="0" cb="0"/>
      <line nr="99" mi="0" ci="4" mb="0" cb="0"/>
      <line nr="111" mi="0" ci="8" mb="0" cb="0"/>
      <line nr="113" mi="0" ci="6" mb="0" cb="2"/>
      <line nr="114" mi="0" ci="5" mb="0" cb="0"/>
      <line nr="115" mi="0" ci="4" mb="0" cb="0"/>
      <line nr="116" mi="0" ci="6" mb="1" cb="1"/>
      <line nr="117" mi="0" ci="5" mb="0" cb="0"/>
      <line nr="118" mi="0" ci="5" mb="0" cb="0"/>
      <line nr="119" mi="0" ci="4" mb="0" cb="0"/>
      <line nr="121" mi="5" ci="0" mb="0" cb="0"/>
      <line nr="122" mi="14" ci="0" mb="0" cb="0"/>
      <line nr="123" mi="4" ci="0" mb="0" cb="0"/>
      <line nr="138" mi="0" ci="4" mb="0" cb="0"/>
      <line nr="139" mi="0" ci="6" mb="0" cb="0"/>
      <line nr="140" mi="0" ci="5" mb="0" cb="0"/>
      <line nr="141" mi="0" ci="4" mb="0" cb="0"/>
      <line nr="157" mi="0" ci="4" mb="0" cb="0"/>
      <line nr="158" mi="0" ci="6" mb="0" cb="0"/>
      <line nr="159" mi="0" ci="5" mb="0" cb="0"/>
      <line nr="160" mi="0" ci="4" mb="0" cb="0"/>
      <line nr="175" mi="0" ci="4" mb="0" cb="0"/>
      <line nr="176" mi="0" ci="6" mb="0" cb="0"/>
      <line nr="177" mi="0" ci="5" mb="0" cb="0"/>
      <line nr="178" mi="0" ci="4" mb="0" cb="0"/>
      <line nr="194" mi="0" ci="4" mb="0" cb="0"/>
      <line nr="196" mi="0" ci="7" mb="0" cb="0"/>
      <line nr="197" mi="0" ci="5" mb="0" cb="0"/>
      <line nr="198" mi="0" ci="4" mb="0" cb="0"/>
      <line nr="214" mi="0" ci="4" mb="0" cb="0"/>
      <line nr="215" mi="0" ci="6" mb="0" cb="0"/>
      <line nr="216" mi="0" ci="5" mb="0" cb="0"/>
      <line nr="217" mi="0" ci="4" mb="0" cb="0"/>
      <line nr="233" mi="0" ci="4" mb="0" cb="0"/>
      <line nr="234" mi="0" ci="6" mb="0" cb="0"/>
      <line nr="235" mi="0" ci="5" mb="0" cb="0"/>
      <line nr="236" mi="0" ci="4" mb="0" cb="0"/>
      <line nr="250" mi="0" ci="5" mb="0" cb="0"/>
      <line nr="251" mi="0" ci="6" mb="0" cb="0"/>
      <line nr="252" mi="0" ci="3" mb="0" cb="0"/>
      <line nr="253" mi="0" ci="7" mb="0" cb="0"/>
      <line nr="254" mi="0" ci="4" mb="0" cb="0"/>
      <line nr="260" mi="0" ci="4" mb="0" cb="0"/>
      <line nr="262" mi="0" ci="6" mb="0" cb="0"/>
      <line nr="263" mi="0" ci="3" mb="0" cb="0"/>
      <line nr="264" mi="0" ci="6" mb="0" cb="0"/>
      <line nr="265" mi="0" ci="6" mb="0" cb="0"/>
      <line nr="266" mi="0" ci="4" mb="0" cb="0"/>
      <line nr="272" mi="0" ci="4" mb="0" cb="0"/>
      <line nr="274" mi="0" ci="6" mb="0" cb="0"/>
      <line nr="275" mi="0" ci="7" mb="0" cb="0"/>
      <line nr="276" mi="0" ci="5" mb="0" cb="0"/>
      <line nr="282" mi="0" ci="4" mb="0" cb="0"/>
      <line nr="283" mi="0" ci="6" mb="0" cb="0"/>
      <line nr="284" mi="0" ci="6" mb="0" cb="0"/>
      <line nr="285" mi="0" ci="4" mb="0" cb="0"/>
      <line nr="291" mi="0" ci="4" mb="0" cb="0"/>
      <line nr="293" mi="0" ci="6" mb="0" cb="0"/>
      <line nr="294" mi="0" ci="7" mb="0" cb="0"/>
      <line nr="295" mi="0" ci="5" mb="0" cb="0"/>
      <line nr="301" mi="0" ci="5" mb="0" cb="0"/>
      <line nr="302" mi="0" ci="6" mb="0" cb="0"/>
      <line nr="304" mi="0" ci="2" mb="0" cb="0"/>
      <line nr="306" mi="0" ci="6" mb="0" cb="0"/>
      <line nr="307" mi="0" ci="7" mb="0" cb="0"/>
      <line nr="308" mi="16" ci="1" mb="0" cb="0"/>
      <line nr="310" mi="0" ci="4" mb="0" cb="0"/>
      <line nr="315" mi="0" ci="6" mb="0" cb="2"/>
      <line nr="316" mi="0" ci="8" mb="0" cb="2"/>
      <counter type="INSTRUCTION" missed="39" covered="346"/>
      <counter type="BRANCH" missed="1" covered="7"/>
      <counter type="LINE" missed="3" covered="70"/>
      <counter type="COMPLEXITY" missed="2" covered="20"/>
      <counter type="METHOD" missed="1" covered="17"/>
      <counter type="CLASS" missed="0" covered="1"/>
    </sourcefile>
    <sourcefile name="UserRequest.java">
      <line nr="24" mi="0" ci="2" mb="0" cb="0"/>
      <line nr="25" mi="0" ci="1" mb="0" cb="0"/>
      <line nr="27" mi="0" ci="2" mb="0" cb="0"/>
      <line nr="28" mi="0" ci="3" mb="0" cb="0"/>
      <line nr="29" mi="0" ci="3" mb="0" cb="0"/>
      <line nr="30" mi="0" ci="3" mb="0" cb="0"/>
      <line nr="31" mi="0" ci="1" mb="0" cb="0"/>
      <line nr="34" mi="0" ci="3" mb="0" cb="0"/>
      <line nr="38" mi="0" ci="3" mb="0" cb="0"/>
      <line nr="39" mi="0" ci="1" mb="0" cb="0"/>
      <line nr="42" mi="0" ci="3" mb="0" cb="0"/>
      <line nr="46" mi="0" ci="3" mb="0" cb="0"/>
      <line nr="47" mi="0" ci="1" mb="0" cb="0"/>
      <line nr="50" mi="0" ci="3" mb="0" cb="0"/>
      <line nr="54" mi="0" ci="3" mb="0" cb="0"/>
      <line nr="55" mi="0" ci="1" mb="0" cb="0"/>
      <line nr="59" mi="8" ci="0" mb="0" cb="0"/>
      <counter type="INSTRUCTION" missed="8" covered="36"/>
      <counter type="LINE" missed="1" covered="16"/>
      <counter type="COMPLEXITY" missed="1" covered="8"/>
      <counter type="METHOD" missed="1" covered="8"/>
      <counter type="CLASS" missed="0" covered="1"/>
    </sourcefile>
    <counter type="INSTRUCTION" missed="47" covered="425"/>
    <counter type="BRANCH" missed="1" covered="11"/>
    <counter type="LINE" missed="4" covered="97"/>
    <counter type="COMPLEXITY" missed="3" covered="33"/>
    <counter type="METHOD" missed="2" covered="28"/>
    <counter type="CLASS" missed="0" covered="3"/>
  </package>
  <package name="com/mapview/ms/auth/service/lnaa/beans/update/status">
    <class name="com/mapview/ms/auth/service/lnaa/beans/update/status/LNAAUpdateUserStatusRequest"
      sourcefilename="LNAAUpdateUserStatusRequest.java">
      <method name="&lt;init&gt;" desc="()V" line="17">
        <counter type="INSTRUCTION" missed="0" covered="3"/>
        <counter type="LINE" missed="0" covered="1"/>
        <counter type="COMPLEXITY" missed="0" covered="1"/>
        <counter type="METHOD" missed="0" covered="1"/>
      </method>
      <method name="init"
        desc="(Lcom/mapview/ms/auth/service/lnaa/LNAASettings;Lcom/mapview/ms/auth/request/UpdateUserStatusRequest;Lcom/mapview/ms/auth/service/lnaa/beans/LNAARequestSession;)Lcom/mapview/ms/auth/service/lnaa/beans/update/status/LNAAUpdateUserStatusRequest;"
        line="24">
        <counter type="INSTRUCTION" missed="0" covered="43"/>
        <counter type="LINE" missed="0" covered="9"/>
        <counter type="COMPLEXITY" missed="0" covered="1"/>
        <counter type="METHOD" missed="0" covered="1"/>
      </method>
      <method name="validateRequest" desc="(Lcom/mapview/ms/auth/request/UpdateUserStatusRequest;)V"
        line="40">
        <counter type="INSTRUCTION" missed="9" covered="17"/>
        <counter type="BRANCH" missed="2" covered="2"/>
        <counter type="LINE" missed="1" covered="5"/>
        <counter type="COMPLEXITY" missed="2" covered="1"/>
        <counter type="METHOD" missed="0" covered="1"/>
      </method>
      <method name="getSession" desc="()Lcom/mapview/ms/auth/service/lnaa/beans/LNAARequestSession;"
        line="50">
        <counter type="INSTRUCTION" missed="0" covered="3"/>
        <counter type="LINE" missed="0" covered="1"/>
        <counter type="COMPLEXITY" missed="0" covered="1"/>
        <counter type="METHOD" missed="0" covered="1"/>
      </method>
      <method name="setSession"
        desc="(Lcom/mapview/ms/auth/service/lnaa/beans/LNAARequestSession;)V" line="54">
        <counter type="INSTRUCTION" missed="0" covered="4"/>
        <counter type="LINE" missed="0" covered="2"/>
        <counter type="COMPLEXITY" missed="0" covered="1"/>
        <counter type="METHOD" missed="0" covered="1"/>
      </method>
      <method name="getData"
        desc="()Lcom/mapview/ms/auth/service/lnaa/beans/update/status/LNAAUpdateUserStatusData;"
        line="58">
        <counter type="INSTRUCTION" missed="0" covered="3"/>
        <counter type="LINE" missed="0" covered="1"/>
        <counter type="COMPLEXITY" missed="0" covered="1"/>
        <counter type="METHOD" missed="0" covered="1"/>
      </method>
      <method name="setData"
        desc="(Lcom/mapview/ms/auth/service/lnaa/beans/update/status/LNAAUpdateUserStatusData;)V"
        line="62">
        <counter type="INSTRUCTION" missed="0" covered="4"/>
        <counter type="LINE" missed="0" covered="2"/>
        <counter type="COMPLEXITY" missed="0" covered="1"/>
        <counter type="METHOD" missed="0" covered="1"/>
      </method>
[...]
        line="33">
        <counter type="INSTRUCTION" missed="0" covered="9"/>
        <counter type="LINE" missed="0" covered="4"/>
        <counter type="COMPLEXITY" missed="0" covered="1"/>
        <counter type="METHOD" missed="0" covered="1"/>
      </method>
      <method name="secretK8sJwt" desc="()Lio/fabric8/kubernetes/api/model/Secret;" line="39">
        <counter type="INSTRUCTION" missed="0" covered="18"/>
        <counter type="BRANCH" missed="0" covered="2"/>
        <counter type="LINE" missed="0" covered="4"/>
        <counter type="COMPLEXITY" missed="0" covered="2"/>
        <counter type="METHOD" missed="0" covered="1"/>
      </method>
      <method name="validateData" desc="(Ljava/util/Map;Ljava/lang/Integer;Ljava/lang/Integer;)V"
        line="47">
        <counter type="INSTRUCTION" missed="0" covered="17"/>
        <counter type="BRANCH" missed="0" covered="4"/>
        <counter type="LINE" missed="0" covered="3"/>
        <counter type="COMPLEXITY" missed="0" covered="3"/>
        <counter type="METHOD" missed="0" covered="1"/>
      </method>
      <method name="cleanData" desc="(Ljava/util/Map;Ljava/lang/Integer;Ljava/lang/Integer;)V"
        line="53">
        <counter type="INSTRUCTION" missed="0" covered="13"/>
        <counter type="LINE" missed="0" covered="3"/>
        <counter type="COMPLEXITY" missed="0" covered="1"/>
        <counter type="METHOD" missed="0" covered="1"/>
      </method>
      <method name="updateSecret"
        desc="(Lio/fabric8/kubernetes/api/model/Secret;Lcom/mapview/ms/auth/secrets/KeyPairFile;Ljava/lang/String;Ljava/lang/Integer;Ljava/lang/Integer;)V"
        line="60">
        <counter type="INSTRUCTION" missed="0" covered="66"/>
        <counter type="LINE" missed="0" covered="11"/>
        <counter type="COMPLEXITY" missed="0" covered="1"/>
        <counter type="METHOD" missed="0" covered="1"/>
      </method>
      <method name="done" desc="()V" line="76">
        <counter type="INSTRUCTION" missed="0" covered="4"/>
        <counter type="LINE" missed="0" covered="2"/>
        <counter type="COMPLEXITY" missed="0" covered="1"/>
        <counter type="METHOD" missed="0" covered="1"/>
      </method>
      <method name="jksFormat" desc="(Ljava/lang/Integer;Ljava/lang/Integer;)Ljava/lang/String;"
        line="80">
        <counter type="INSTRUCTION" missed="0" covered="11"/>
        <counter type="LINE" missed="0" covered="1"/>
        <counter type="COMPLEXITY" missed="0" covered="1"/>
        <counter type="METHOD" missed="0" covered="1"/>
      </method>
      <method name="passFormat" desc="(Ljava/lang/Integer;Ljava/lang/Integer;)Ljava/lang/String;"
        line="84">
        <counter type="INSTRUCTION" missed="0" covered="11"/>
        <counter type="LINE" missed="0" covered="1"/>
        <counter type="COMPLEXITY" missed="0" covered="1"/>
        <counter type="METHOD" missed="0" covered="1"/>
      </method>
      <method name="pubFormat" desc="(Ljava/lang/Integer;Ljava/lang/Integer;)Ljava/lang/String;"
        line="88">
        <counter type="INSTRUCTION" missed="0" covered="11"/>
        <counter type="LINE" missed="0" covered="1"/>
        <counter type="COMPLEXITY" missed="0" covered="1"/>
        <counter type="METHOD" missed="0" covered="1"/>
      </method>
      <method name="kidFormat" desc="(Ljava/lang/Integer;Ljava/lang/Integer;)Ljava/lang/String;"
        line="92">
        <counter type="INSTRUCTION" missed="0" covered="13"/>
        <counter type="LINE" missed="0" covered="1"/>
        <counter type="COMPLEXITY" missed="0" covered="1"/>
        <counter type="METHOD" missed="0" covered="1"/>
      </method>
      <method name="byName" desc="(Ljava/lang/String;)Ljava/util/Optional;" line="96">
        <counter type="INSTRUCTION" missed="0" covered="8"/>
        <counter type="LINE" missed="0" covered="3"/>
        <counter type="COMPLEXITY" missed="0" covered="1"/>
        <counter type="METHOD" missed="0" covered="1"/>
      </method>
      <method name="secrets" desc="()Ljava/util/List;" line="102">
        <counter type="INSTRUCTION" missed="0" covered="7"/>
        <counter type="LINE" missed="0" covered="1"/>
        <counter type="COMPLEXITY" missed="0" covered="1"/>
        <counter type="METHOD" missed="0" covered="1"/>
      </method>
      <method name="encodePassword" desc="([C)Ljava/lang/String;" line="106">
        <counter type="INSTRUCTION" missed="0" covered="4"/>
        <counter type="LINE" missed="0" covered="1"/>
        <counter type="COMPLEXITY" missed="0" covered="1"/>
        <counter type="METHOD" missed="0" covered="1"/>
      </method>
      <method name="toBytes" desc="([C)[B" line="110">
        <counter type="INSTRUCTION" missed="0" covered="22"/>
        <counter type="LINE" missed="0" covered="5"/>
        <counter type="COMPLEXITY" missed="0" covered="1"/>
        <counter type="METHOD" missed="0" covered="1"/>
      </method>
      <method name="encodeFile" desc="(Ljava/io/File;)Ljava/lang/String;" line="118">
        <counter type="INSTRUCTION" missed="0" covered="6"/>
        <counter type="LINE" missed="0" covered="2"/>
        <counter type="COMPLEXITY" missed="0" covered="1"/>
        <counter type="METHOD" missed="0" covered="1"/>
      </method>
      <method name="encodeBytes" desc="([B)Ljava/lang/String;" line="123">
        <counter type="INSTRUCTION" missed="0" covered="6"/>
        <counter type="LINE" missed="0" covered="2"/>
        <counter type="COMPLEXITY" missed="0" covered="1"/>
        <counter type="METHOD" missed="0" covered="1"/>
      </method>
      <method name="fileToBytesArray" desc="(Ljava/io/File;)[B" line="128">
        <counter type="INSTRUCTION" missed="0" covered="25"/>
        <counter type="LINE" missed="0" covered="6"/>
        <counter type="COMPLEXITY" missed="0" covered="1"/>
        <counter type="METHOD" missed="0" covered="1"/>
      </method>
      <method name="secretPublicKey"
        desc="(Lio/fabric8/kubernetes/api/model/Secret;Lcom/mapview/ms/auth/secrets/KeyPairFile;Ljava/lang/Integer;Ljava/lang/Integer;)V"
        line="137">
        <counter type="INSTRUCTION" missed="5" covered="16"/>
        <counter type="BRANCH" missed="1" covered="1"/>
        <counter type="LINE" missed="1" covered="4"/>
        <counter type="COMPLEXITY" missed="1" covered="1"/>
        <counter type="METHOD" missed="0" covered="1"/>
      </method>
      <method name="lambda$byName$1"
        desc="(Ljava/lang/String;Lio/fabric8/kubernetes/api/model/Secret;)Z" line="97">
        <counter type="INSTRUCTION" missed="0" covered="6"/>
        <counter type="LINE" missed="0" covered="1"/>
        <counter type="COMPLEXITY" missed="0" covered="1"/>
        <counter type="METHOD" missed="0" covered="1"/>
      </method>
      <method name="lambda$secretK8sJwt$0"
        desc="()Lcom/mapview/ms/auth/exceptions/SecretNotFoundException;" line="39">
        <counter type="INSTRUCTION" missed="0" covered="4"/>
        <counter type="LINE" missed="0" covered="1"/>
        <counter type="COMPLEXITY" missed="0" covered="1"/>
        <counter type="METHOD" missed="0" covered="1"/>
      </method>
      <counter type="INSTRUCTION" missed="5" covered="277"/>
      <counter type="BRANCH" missed="1" covered="7"/>
      <counter type="LINE" missed="1" covered="55"/>
      <counter type="COMPLEXITY" missed="1" covered="23"/>
      <counter type="METHOD" missed="0" covered="20"/>
      <counter type="CLASS" missed="0" covered="1"/>
    </class>
    <class name="com/mapview/ms/auth/secrets/KeyPairFile" sourcefilename="KeyPairFile.java">
      <method name="&lt;init&gt;" desc="(Ljava/lang/String;)V" line="33">
        <counter type="INSTRUCTION" missed="0" covered="6"/>
        <counter type="LINE" missed="0" covered="3"/>
        <counter type="COMPLEXITY" missed="0" covered="1"/>
        <counter type="METHOD" missed="0" covered="1"/>
      </method>
      <method name="getJksFile" desc="()Ljava/io/File;" line="38">
        <counter type="INSTRUCTION" missed="0" covered="3"/>
        <counter type="LINE" missed="0" covered="1"/>
        <counter type="COMPLEXITY" missed="0" covered="1"/>
        <counter type="METHOD" missed="0" covered="1"/>
      </method>
      <method name="setJksFile" desc="(Ljava/io/File;)V" line="42">
        <counter type="INSTRUCTION" missed="0" covered="4"/>
        <counter type="LINE" missed="0" covered="2"/>
        <counter type="COMPLEXITY" missed="0" covered="1"/>
        <counter type="METHOD" missed="0" covered="1"/>
      </method>
      <method name="getPassword" desc="()[C" line="46">
        <counter type="INSTRUCTION" missed="0" covered="3"/>
        <counter type="LINE" missed="0" covered="1"/>
        <counter type="COMPLEXITY" missed="0" covered="1"/>
        <counter type="METHOD" missed="0" covered="1"/>
      </method>
      <method name="setPassword" desc="([C)V" line="50">
        <counter type="INSTRUCTION" missed="0" covered="4"/>
        <counter type="LINE" missed="0" covered="2"/>
        <counter type="COMPLEXITY" missed="0" covered="1"/>
        <counter type="METHOD" missed="0" covered="1"/>
      </method>
      <method name="getPublicKey" desc="()Ljava/io/File;" line="54">
        <counter type="INSTRUCTION" missed="0" covered="3"/>
        <counter type="LINE" missed="0" covered="1"/>
        <counter type="COMPLEXITY" missed="0" covered="1"/>
        <counter type="METHOD" missed="0" covered="1"/>
      </method>
      <method name="setPublicKey" desc="(Ljava/security/PublicKey;)V" line="58">
        <counter type="INSTRUCTION" missed="0" covered="19"/>
        <counter type="LINE" missed="0" covered="6"/>
        <counter type="COMPLEXITY" missed="0" covered="1"/>
        <counter type="METHOD" missed="0" covered="1"/>
      </method>
      <method name="build" desc="(Ljava/lang/String;)V" line="68">
        <counter type="INSTRUCTION" missed="0" covered="50"/>
        <counter type="LINE" missed="0" covered="15"/>
        <counter type="COMPLEXITY" missed="0" covered="1"/>
        <counter type="METHOD" missed="0" covered="1"/>
      </method>
      <method name="addKeyPairToStore" desc="(Ljava/security/KeyStore;Ljava/lang/String;[C)V"
        line="88">
        <counter type="INSTRUCTION" missed="0" covered="31"/>
        <counter type="LINE" missed="0" covered="9"/>
        <counter type="COMPLEXITY" missed="0" covered="1"/>
        <counter type="METHOD" missed="0" covered="1"/>
      </method>
      <method name="generateCertificate"
        desc="(Ljava/security/KeyPair;)Ljava/security/cert/X509Certificate;" line="99">
        <counter type="INSTRUCTION" missed="0" covered="51"/>
        <counter type="LINE" missed="0" covered="9"/>
        <counter type="COMPLEXITY" missed="0" covered="1"/>
        <counter type="METHOD" missed="0" covered="1"/>
      </method>
      <counter type="INSTRUCTION" missed="0" covered="174"/>
      <counter type="LINE" missed="0" covered="49"/>
      <counter type="COMPLEXITY" missed="0" covered="10"/>
      <counter type="METHOD" missed="0" covered="10"/>
      <counter type="CLASS" missed="0" covered="1"/>
    </class>
    <sourcefile name="JwtKubernetesSecret.java">
      <line nr="33" mi="0" ci="2" mb="0" cb="0"/>
      <line nr="34" mi="0" ci="3" mb="0" cb="0"/>
      <line nr="35" mi="0" ci="3" mb="0" cb="0"/>
      <line nr="36" mi="0" ci="1" mb="0" cb="0"/>
      <line nr="39" mi="0" ci="12" mb="0" cb="0"/>
      <line nr="40" mi="0" ci="3" mb="0" cb="2"/>
      <line nr="41" mi="0" ci="5" mb="0" cb="0"/>
      <line nr="43" mi="0" ci="2" mb="0" cb="0"/>
      <line nr="47" mi="0" ci="12" mb="0" cb="4"/>
      <line nr="48" mi="0" ci="4" mb="0" cb="0"/>
      <line nr="50" mi="0" ci="1" mb="0" cb="0"/>
      <line nr="53" mi="0" ci="6" mb="0" cb="0"/>
      <line nr="54" mi="0" ci="6" mb="0" cb="0"/>
      <line nr="55" mi="0" ci="1" mb="0" cb="0"/>
      <line nr="60" mi="0" ci="4" mb="0" cb="0"/>
      <line nr="61" mi="0" ci="8" mb="0" cb="0"/>
      <line nr="63" mi="0" ci="10" mb="0" cb="0"/>
      <line nr="65" mi="0" ci="6" mb="0" cb="0"/>
      <line nr="66" mi="0" ci="5" mb="0" cb="0"/>
      <line nr="68" mi="0" ci="11" mb="0" cb="0"/>
      <line nr="69" mi="0" ci="11" mb="0" cb="0"/>
      <line nr="70" mi="0" ci="1" mb="0" cb="0"/>
      <line nr="71" mi="0" ci="8" mb="0" cb="0"/>
      <line nr="72" mi="0" ci="1" mb="0" cb="0"/>
      <line nr="73" mi="0" ci="1" mb="0" cb="0"/>
      <line nr="76" mi="0" ci="3" mb="0" cb="0"/>
      <line nr="77" mi="0" ci="1" mb="0" cb="0"/>
      <line nr="80" mi="0" ci="11" mb="0" cb="0"/>
      <line nr="84" mi="0" ci="11" mb="0" cb="0"/>
      <line nr="88" mi="0" ci="11" mb="0" cb="0"/>
      <line nr="92" mi="0" ci="13" mb="0" cb="0"/>
      <line nr="96" mi="0" ci="6" mb="0" cb="0"/>
      <line nr="97" mi="0" ci="7" mb="0" cb="0"/>
      <line nr="98" mi="0" ci="1" mb="0" cb="0"/>
      <line nr="102" mi="0" ci="7" mb="0" cb="0"/>
      <line nr="106" mi="0" ci="4" mb="0" cb="0"/>
      <line nr="110" mi="0" ci="3" mb="0" cb="0"/>
      <line nr="111" mi="0" ci="5" mb="0" cb="0"/>
      <line nr="112" mi="0" ci="8" mb="0" cb="0"/>
      <line nr="113" mi="0" ci="4" mb="0" cb="0"/>
      <line nr="114" mi="0" ci="2" mb="0" cb="0"/>
      <line nr="118" mi="0" ci="3" mb="0" cb="0"/>
      <line nr="119" mi="0" ci="3" mb="0" cb="0"/>
      <line nr="123" mi="0" ci="2" mb="0" cb="0"/>
      <line nr="124" mi="0" ci="4" mb="0" cb="0"/>
      <line nr="128" mi="0" ci="4" mb="0" cb="0"/>
      <line nr="129" mi="0" ci="8" mb="0" cb="0"/>
      <line nr="130" mi="0" ci="3" mb="0" cb="0"/>
      <line nr="131" mi="0" ci="6" mb="0" cb="0"/>
      <line nr="132" mi="0" ci="2" mb="0" cb="0"/>
      <line nr="133" mi="0" ci="2" mb="0" cb="0"/>
      <line nr="137" mi="0" ci="3" mb="1" cb="1"/>
      <line nr="138" mi="5" ci="0" mb="0" cb="0"/>
      <line nr="140" mi="0" ci="4" mb="0" cb="0"/>
      <line nr="141" mi="0" ci="8" mb="0" cb="0"/>
      <line nr="142" mi="0" ci="1" mb="0" cb="0"/>
      <counter type="INSTRUCTION" missed="5" covered="277"/>
      <counter type="BRANCH" missed="1" covered="7"/>
      <counter type="LINE" missed="1" covered="55"/>
      <counter type="COMPLEXITY" missed="1" covered="23"/>
      <counter type="METHOD" missed="0" covered="20"/>
      <counter type="CLASS" missed="0" covered="1"/>
    </sourcefile>
    <sourcefile name="KeyPairFile.java">
      <line nr="33" mi="0" ci="2" mb="0" cb="0"/>
      <line nr="34" mi="0" ci="3" mb="0" cb="0"/>
      <line nr="35" mi="0" ci="1" mb="0" cb="0"/>
      <line nr="38" mi="0" ci="3" mb="0" cb="0"/>
      <line nr="42" mi="0" ci="3" mb="0" cb="0"/>
      <line nr="43" mi="0" ci="1" mb="0" cb="0"/>
      <line nr="46" mi="0" ci="3" mb="0" cb="0"/>
      <line nr="50" mi="0" ci="3" mb="0" cb="0"/>
      <line nr="51" mi="0" ci="1" mb="0" cb="0"/>
      <line nr="54" mi="0" ci="3" mb="0" cb="0"/>
      <line nr="58" mi="0" ci="4" mb="0" cb="0"/>
      <line nr="59" mi="0" ci="5" mb="0" cb="0"/>
      <line nr="60" mi="0" ci="4" mb="0" cb="0"/>
      <line nr="61" mi="0" ci="2" mb="0" cb="0"/>
      <line nr="62" mi="0" ci="3" mb="0" cb="0"/>
      <line nr="63" mi="0" ci="1" mb="0" cb="0"/>
      <line nr="68" mi="0" ci="3" mb="0" cb="0"/>
      <line nr="69" mi="0" ci="3" mb="0" cb="0"/>
      <line nr="70" mi="0" ci="3" mb="0" cb="0"/>
      <line nr="71" mi="0" ci="4" mb="0" cb="0"/>
      <line nr="72" mi="0" ci="4" mb="0" cb="0"/>
      <line nr="74" mi="0" ci="5" mb="0" cb="0"/>
      <line nr="76" mi="0" ci="5" mb="0" cb="0"/>
      <line nr="77" mi="0" ci="4" mb="0" cb="0"/>
      <line nr="78" mi="0" ci="2" mb="0" cb="0"/>
      <line nr="80" mi="0" ci="3" mb="0" cb="0"/>
      <line nr="81" mi="0" ci="3" mb="0" cb="0"/>
      <line nr="82" mi="0" ci="1" mb="0" cb="0"/>
      <line nr="83" mi="0" ci="8" mb="0" cb="0"/>
      <line nr="84" mi="0" ci="1" mb="0" cb="0"/>
      <line nr="85" mi="0" ci="1" mb="0" cb="0"/>
      <line nr="88" mi="0" ci="3" mb="0" cb="0"/>
      <line nr="89" mi="0" ci="3" mb="0" cb="0"/>
      <line nr="90" mi="0" ci="3" mb="0" cb="0"/>
      <line nr="91" mi="0" ci="3" mb="0" cb="0"/>
      <line nr="92" mi="0" ci="3" mb="0" cb="0"/>
      <line nr="93" mi="0" ci="4" mb="0" cb="0"/>
      <line nr="94" mi="0" ci="7" mb="0" cb="0"/>
      <line nr="95" mi="0" ci="4" mb="0" cb="0"/>
      <line nr="96" mi="0" ci="1" mb="0" cb="0"/>
      <line nr="99" mi="0" ci="5" mb="0" cb="0"/>
      <line nr="101" mi="0" ci="5" mb="0" cb="0"/>
      <line nr="103" mi="0" ci="2" mb="0" cb="0"/>
      <line nr="104" mi="0" ci="3" mb="0" cb="0"/>
      <line nr="105" mi="0" ci="6" mb="0" cb="0"/>
      <line nr="107" mi="0" ci="12" mb="0" cb="0"/>
      <line nr="110" mi="0" ci="8" mb="0" cb="0"/>
      <line nr="112" mi="0" ci="4" mb="0" cb="0"/>
      <line nr="114" mi="0" ci="6" mb="0" cb="0"/>
      <counter type="INSTRUCTION" missed="0" covered="174"/>
      <counter type="LINE" missed="0" covered="49"/>
      <counter type="COMPLEXITY" missed="0" covered="10"/>
      <counter type="METHOD" missed="0" covered="10"/>
      <counter type="CLASS" missed="0" covered="1"/>
    </sourcefile>
    <sourcefile name="RotateKeyStore.java">
      <line nr="23" mi="0" ci="3" mb="0" cb="0"/>
      <line nr="25" mi="0" ci="4" mb="0" cb="0"/>
      <line nr="36" mi="0" ci="3" mb="0" cb="0"/>
      <line nr="37" mi="0" ci="2" mb="0" cb="0"/>
      <line nr="39" mi="0" ci="4" mb="0" cb="0"/>
      <line nr="40" mi="0" ci="3" mb="0" cb="0"/>
      <line nr="41" mi="0" ci="3" mb="0" cb="0"/>
      <line nr="42" mi="0" ci="1" mb="0" cb="0"/>
      <line nr="43" mi="0" ci="3" mb="0" cb="0"/>
      <line nr="45" mi="0" ci="3" mb="0" cb="0"/>
      <line nr="47" mi="0" ci="1" mb="0" cb="0"/>
      <line nr="50" mi="0" ci="8" mb="0" cb="0"/>
      <line nr="52" mi="0" ci="4" mb="0" cb="0"/>
      <line nr="53" mi="0" ci="9" mb="0" cb="0"/>
      <line nr="54" mi="0" ci="9" mb="0" cb="0"/>
      <line nr="55" mi="0" ci="1" mb="0" cb="0"/>
      <line nr="59" mi="0" ci="7" mb="0" cb="0"/>
      <line nr="60" mi="0" ci="1" mb="0" cb="0"/>
      <line nr="61" mi="0" ci="3" mb="0" cb="0"/>
      <line nr="62" mi="0" ci="7" mb="0" cb="0"/>
      <line nr="63" mi="0" ci="1" mb="0" cb="0"/>
      <line nr="64" mi="0" ci="1" mb="0" cb="0"/>
      <line nr="68" mi="0" ci="11" mb="0" cb="0"/>
      <line nr="69" mi="0" ci="1" mb="0" cb="0"/>
      <line nr="70" mi="0" ci="3" mb="0" cb="0"/>
      <line nr="71" mi="0" ci="11" mb="0" cb="0"/>
      <line nr="72" mi="0" ci="11" mb="0" cb="0"/>
      <line nr="73" mi="0" ci="1" mb="0" cb="0"/>
      <line nr="74" mi="0" ci="1" mb="0" cb="0"/>
      <line nr="77" mi="0" ci="8" mb="0" cb="0"/>
      <line nr="78" mi="0" ci="5" mb="0" cb="0"/>
      <line nr="79" mi="0" ci="8" mb="0" cb="0"/>
      <line nr="80" mi="0" ci="1" mb="0" cb="0"/>
      <line nr="83" mi="0" ci="6" mb="0" cb="0"/>
      <line nr="87" mi="0" ci="4" mb="0" cb="0"/>
      <counter type="INSTRUCTION" missed="0" covered="152"/>
      <counter type="LINE" missed="0" covered="35"/>
      <counter type="COMPLEXITY" missed="0" covered="9"/>
      <counter type="METHOD" missed="0" covered="9"/>
      <counter type="CLASS" missed="0" covered="1"/>
    </sourcefile>
    <counter type="INSTRUCTION" missed="5" covered="603"/>
    <counter type="BRANCH" missed="1" covered="7"/>
    <counter type="LINE" missed="1" covered="139"/>
    <counter type="COMPLEXITY" missed="1" covered="42"/>
    <counter type="METHOD" missed="0" covered="39"/>
    <counter type="CLASS" missed="0" covered="3"/>
  </package>
  <counter type="INSTRUCTION" missed="534" covered="16135"/>
  <counter type="BRANCH" missed="61" covered="889"/>
  <counter type="LINE" missed="121" covered="3766"/>
  <counter type="COMPLEXITY" missed="101" covered="1634"/>
  <counter type="METHOD" missed="42" covered="1218"/>
  <counter type="CLASS" missed="0" covered="151"/>
</report>
